

Started GET "/" for 127.0.0.1 at 2013-02-17 12:28:35 -0800
Connecting to database specified by database.yml
Connecting to database specified by database.yml

LoadError (Please install the sqlite3 adapter: `gem install activerecord-sqlite3-adapter` (sqlite3 is not part of the bundle. Add it to Gemfile.)):
  bundler (1.3.0.pre.8) lib/bundler/rubygems_integration.rb:205:in `block in replace_gem'
  activerecord (3.2.12) lib/active_record/connection_adapters/sqlite3_adapter.rb:3:in `<top (required)>'
  activesupport (3.2.12) lib/active_support/dependencies.rb:251:in `require'
  activesupport (3.2.12) lib/active_support/dependencies.rb:251:in `block in require'
  activesupport (3.2.12) lib/active_support/dependencies.rb:236:in `load_dependency'
  activesupport (3.2.12) lib/active_support/dependencies.rb:251:in `require'
  activerecord (3.2.12) lib/active_record/connection_adapters/abstract/connection_specification.rb:50:in `resolve_hash_connection'
  activerecord (3.2.12) lib/active_record/connection_adapters/abstract/connection_specification.rb:41:in `resolve_string_connection'
  activerecord (3.2.12) lib/active_record/connection_adapters/abstract/connection_specification.rb:25:in `spec'
  activerecord (3.2.12) lib/active_record/connection_adapters/abstract/connection_specification.rb:130:in `establish_connection'
  activerecord (3.2.12) lib/active_record/railtie.rb:82:in `block (2 levels) in <class:Railtie>'
  activesupport (3.2.12) lib/active_support/lazy_load_hooks.rb:36:in `instance_eval'
  activesupport (3.2.12) lib/active_support/lazy_load_hooks.rb:36:in `execute_hook'
  activesupport (3.2.12) lib/active_support/lazy_load_hooks.rb:43:in `block in run_load_hooks'
  activesupport (3.2.12) lib/active_support/lazy_load_hooks.rb:42:in `each'
  activesupport (3.2.12) lib/active_support/lazy_load_hooks.rb:42:in `run_load_hooks'
  activerecord (3.2.12) lib/active_record/base.rb:720:in `<top (required)>'
  activerecord (3.2.12) lib/active_record/query_cache.rb:67:in `rescue in call'
  activerecord (3.2.12) lib/active_record/query_cache.rb:61:in `call'
  activerecord (3.2.12) lib/active_record/connection_adapters/abstract/connection_pool.rb:479:in `call'
  actionpack (3.2.12) lib/action_dispatch/middleware/callbacks.rb:28:in `block in call'
  activesupport (3.2.12) lib/active_support/callbacks.rb:405:in `_run__1712366414641309975__call__1597729040500482439__callbacks'
  activesupport (3.2.12) lib/active_support/callbacks.rb:405:in `__run_callback'
  activesupport (3.2.12) lib/active_support/callbacks.rb:385:in `_run_call_callbacks'
  activesupport (3.2.12) lib/active_support/callbacks.rb:81:in `run_callbacks'
  actionpack (3.2.12) lib/action_dispatch/middleware/callbacks.rb:27:in `call'
  actionpack (3.2.12) lib/action_dispatch/middleware/reloader.rb:65:in `call'
  actionpack (3.2.12) lib/action_dispatch/middleware/remote_ip.rb:31:in `call'
  actionpack (3.2.12) lib/action_dispatch/middleware/debug_exceptions.rb:16:in `call'
  actionpack (3.2.12) lib/action_dispatch/middleware/show_exceptions.rb:56:in `call'
  railties (3.2.12) lib/rails/rack/logger.rb:32:in `call_app'
  railties (3.2.12) lib/rails/rack/logger.rb:16:in `block in call'
  activesupport (3.2.12) lib/active_support/tagged_logging.rb:22:in `tagged'
  railties (3.2.12) lib/rails/rack/logger.rb:16:in `call'
  actionpack (3.2.12) lib/action_dispatch/middleware/request_id.rb:22:in `call'
  rack (1.4.5) lib/rack/methodoverride.rb:21:in `call'
  rack (1.4.5) lib/rack/runtime.rb:17:in `call'
  activesupport (3.2.12) lib/active_support/cache/strategy/local_cache.rb:72:in `call'
  rack (1.4.5) lib/rack/lock.rb:15:in `call'
  actionpack (3.2.12) lib/action_dispatch/middleware/static.rb:62:in `call'
  railties (3.2.12) lib/rails/engine.rb:479:in `call'
  railties (3.2.12) lib/rails/application.rb:223:in `call'
  rack (1.4.5) lib/rack/content_length.rb:14:in `call'
  railties (3.2.12) lib/rails/rack/log_tailer.rb:17:in `call'
  rack (1.4.5) lib/rack/handler/webrick.rb:59:in `service'
  /Users/tjarratt/.rvm/rubies/ruby-2.0.0-rc2/lib/ruby/2.0.0/webrick/httpserver.rb:138:in `service'
  /Users/tjarratt/.rvm/rubies/ruby-2.0.0-rc2/lib/ruby/2.0.0/webrick/httpserver.rb:94:in `run'
  /Users/tjarratt/.rvm/rubies/ruby-2.0.0-rc2/lib/ruby/2.0.0/webrick/server.rb:295:in `block in start_thread'


  Rendered /Users/tjarratt/.rvm/gems/ruby-2.0.0-rc2@caltrain/gems/actionpack-3.2.12/lib/action_dispatch/middleware/templates/rescues/_trace.erb (1.8ms)
  Rendered /Users/tjarratt/.rvm/gems/ruby-2.0.0-rc2@caltrain/gems/actionpack-3.2.12/lib/action_dispatch/middleware/templates/rescues/_request_and_response.erb (2.1ms)
  Rendered /Users/tjarratt/.rvm/gems/ruby-2.0.0-rc2@caltrain/gems/actionpack-3.2.12/lib/action_dispatch/middleware/templates/rescues/diagnostics.erb within rescues/layout (11.2ms)
Connecting to database specified by database.yml


Started GET "/" for 127.0.0.1 at 2013-02-17 12:49:25 -0800
Connecting to database specified by database.yml
Processing by HomeController#index as HTML
  Rendered home/index.html.erb within layouts/application (1.5ms)
Compiled application.css  (0ms)  (pid 17008)
Compiled jquery.js  (4ms)  (pid 17008)
Compiled jquery_ujs.js  (0ms)  (pid 17008)
Compiled application.js  (19ms)  (pid 17008)
Completed 200 OK in 81ms (Views: 80.2ms | ActiveRecord: 0.0ms)


Started GET "/assets/jquery.js?body=1" for 127.0.0.1 at 2013-02-17 12:49:25 -0800
Served asset /jquery.js - 200 OK (46ms)


Started GET "/assets/application.css?body=1" for 127.0.0.1 at 2013-02-17 12:49:25 -0800
Served asset /application.css - 200 OK (2ms)


Started GET "/assets/application.js?body=1" for 127.0.0.1 at 2013-02-17 12:49:25 -0800
Served asset /application.js - 200 OK (4ms)


Started GET "/assets/jquery_ujs.js?body=1" for 127.0.0.1 at 2013-02-17 12:49:25 -0800
Served asset /jquery_ujs.js - 200 OK (2ms)


Started GET "/" for 127.0.0.1 at 2013-02-17 12:49:42 -0800
Processing by HomeController#index as HTML
  Rendered home/index.html.erb within layouts/application (0.1ms)
Completed 200 OK in 4ms (Views: 3.5ms | ActiveRecord: 0.0ms)


Started GET "/assets/jquery_ujs.js?body=1" for 127.0.0.1 at 2013-02-17 12:49:42 -0800
Served asset /jquery_ujs.js - 304 Not Modified (0ms)


Started GET "/assets/application.css?body=1" for 127.0.0.1 at 2013-02-17 12:49:42 -0800
Served asset /application.css - 304 Not Modified (0ms)


Started GET "/assets/application.js?body=1" for 127.0.0.1 at 2013-02-17 12:49:42 -0800
Served asset /application.js - 304 Not Modified (0ms)


Started GET "/assets/jquery.js?body=1" for 127.0.0.1 at 2013-02-17 12:49:42 -0800
Served asset /jquery.js - 304 Not Modified (0ms)


Started GET "/" for 127.0.0.1 at 2013-02-17 12:49:42 -0800
Processing by HomeController#index as HTML
  Rendered home/index.html.erb within layouts/application (0.1ms)
Completed 200 OK in 4ms (Views: 4.0ms | ActiveRecord: 0.0ms)


Started GET "/assets/jquery.js?body=1" for 127.0.0.1 at 2013-02-17 12:49:42 -0800
Served asset /jquery.js - 304 Not Modified (0ms)


Started GET "/assets/jquery_ujs.js?body=1" for 127.0.0.1 at 2013-02-17 12:49:42 -0800
Served asset /jquery_ujs.js - 304 Not Modified (0ms)


Started GET "/assets/application.js?body=1" for 127.0.0.1 at 2013-02-17 12:49:42 -0800
Served asset /application.js - 304 Not Modified (0ms)


Started GET "/assets/application.css?body=1" for 127.0.0.1 at 2013-02-17 12:49:42 -0800
Served asset /application.css - 304 Not Modified (0ms)


Started GET "/" for 127.0.0.1 at 2013-02-17 12:57:36 -0800
Processing by HomeController#index as HTML
Completed 500 Internal Server Error in 3277ms

NameError (undefined local variable or method `today_regexp' for #<HomeController:0x007fdae37c0540>):
  app/controllers/home_controller.rb:43:in `sf_giants_play_today?'
  app/controllers/home_controller.rb:7:in `index'


  Rendered /Users/tjarratt/.rvm/gems/ruby-2.0.0-rc2@caltrain/gems/actionpack-3.2.12/lib/action_dispatch/middleware/templates/rescues/_trace.erb (1.6ms)
  Rendered /Users/tjarratt/.rvm/gems/ruby-2.0.0-rc2@caltrain/gems/actionpack-3.2.12/lib/action_dispatch/middleware/templates/rescues/_request_and_response.erb (1.1ms)
  Rendered /Users/tjarratt/.rvm/gems/ruby-2.0.0-rc2@caltrain/gems/actionpack-3.2.12/lib/action_dispatch/middleware/templates/rescues/diagnostics.erb within rescues/layout (13.1ms)


Started GET "/" for 127.0.0.1 at 2013-02-17 12:58:06 -0800
Processing by HomeController#index as HTML
  Rendered home/index.html.erb within layouts/application (0.1ms)
Completed 200 OK in 687ms (Views: 7.5ms | ActiveRecord: 0.0ms)


Started GET "/assets/jquery_ujs.js?body=1" for 127.0.0.1 at 2013-02-17 12:58:07 -0800
Served asset /jquery_ujs.js - 304 Not Modified (0ms)


Started GET "/assets/application.css?body=1" for 127.0.0.1 at 2013-02-17 12:58:07 -0800
Served asset /application.css - 304 Not Modified (0ms)


Started GET "/assets/application.js?body=1" for 127.0.0.1 at 2013-02-17 12:58:07 -0800
Served asset /application.js - 304 Not Modified (0ms)


Started GET "/assets/jquery.js?body=1" for 127.0.0.1 at 2013-02-17 12:58:07 -0800
Served asset /jquery.js - 304 Not Modified (0ms)


Started GET "/" for 127.0.0.1 at 2013-02-17 12:58:08 -0800
Processing by HomeController#index as HTML
  Rendered home/index.html.erb within layouts/application (0.1ms)
Completed 200 OK in 206ms (Views: 3.1ms | ActiveRecord: 0.0ms)


Started GET "/assets/application.js?body=1" for 127.0.0.1 at 2013-02-17 12:58:24 -0800
Served asset /application.js - 304 Not Modified (0ms)


Started GET "/assets/jquery.js?body=1" for 127.0.0.1 at 2013-02-17 12:58:24 -0800
Served asset /jquery.js - 304 Not Modified (0ms)


Started GET "/assets/application.css?body=1" for 127.0.0.1 at 2013-02-17 12:58:24 -0800
Served asset /application.css - 304 Not Modified (0ms)


Started GET "/assets/jquery_ujs.js?body=1" for 127.0.0.1 at 2013-02-17 12:58:24 -0800
Served asset /jquery_ujs.js - 304 Not Modified (0ms)


Started GET "/" for 127.0.0.1 at 2013-02-17 12:58:29 -0800
Connecting to database specified by database.yml
Processing by HomeController#index as HTML
  Rendered home/index.html.erb within layouts/application (1.4ms)
Completed 200 OK in 228ms (Views: 24.3ms | ActiveRecord: 0.0ms)


Started GET "/assets/application.css?body=1" for 127.0.0.1 at 2013-02-17 12:58:30 -0800
Served asset /application.css - 304 Not Modified (3ms)


Started GET "/assets/jquery.js?body=1" for 127.0.0.1 at 2013-02-17 12:58:30 -0800
Served asset /jquery.js - 304 Not Modified (45ms)


Started GET "/assets/jquery_ujs.js?body=1" for 127.0.0.1 at 2013-02-17 12:58:30 -0800
Served asset /jquery_ujs.js - 304 Not Modified (2ms)


Started GET "/assets/application.js?body=1" for 127.0.0.1 at 2013-02-17 12:58:30 -0800
Served asset /application.js - 304 Not Modified (5ms)


Started GET "/" for 127.0.0.1 at 2013-02-17 12:58:57 -0800
Processing by HomeController#index as HTML
  Rendered home/index.html.erb within layouts/application (0.1ms)
Completed 200 OK in 638ms (Views: 8.9ms | ActiveRecord: 0.0ms)


Started GET "/assets/jquery_ujs.js?body=1" for 127.0.0.1 at 2013-02-17 12:58:58 -0800
Served asset /jquery_ujs.js - 304 Not Modified (0ms)


Started GET "/assets/jquery.js?body=1" for 127.0.0.1 at 2013-02-17 12:58:58 -0800
Served asset /jquery.js - 304 Not Modified (0ms)


Started GET "/assets/application.js?body=1" for 127.0.0.1 at 2013-02-17 12:58:58 -0800
Served asset /application.js - 304 Not Modified (0ms)


Started GET "/assets/application.css?body=1" for 127.0.0.1 at 2013-02-17 12:58:58 -0800
Served asset /application.css - 304 Not Modified (0ms)


Started GET "/about" for 127.0.0.1 at 2013-02-17 13:30:35 -0800
Connecting to database specified by database.yml

AbstractController::ActionNotFound (The action 'about' could not be found for HomeController):
  actionpack (3.2.12) lib/abstract_controller/base.rb:116:in `process'
  actionpack (3.2.12) lib/abstract_controller/rendering.rb:45:in `process'
  actionpack (3.2.12) lib/action_controller/metal.rb:203:in `dispatch'
  actionpack (3.2.12) lib/action_controller/metal/rack_delegation.rb:14:in `dispatch'
  actionpack (3.2.12) lib/action_controller/metal.rb:246:in `block in action'
  actionpack (3.2.12) lib/action_dispatch/routing/route_set.rb:73:in `call'
  actionpack (3.2.12) lib/action_dispatch/routing/route_set.rb:73:in `dispatch'
  actionpack (3.2.12) lib/action_dispatch/routing/route_set.rb:36:in `call'
  journey (1.0.4) lib/journey/router.rb:68:in `block in call'
  journey (1.0.4) lib/journey/router.rb:56:in `each'
  journey (1.0.4) lib/journey/router.rb:56:in `call'
  actionpack (3.2.12) lib/action_dispatch/routing/route_set.rb:601:in `call'
  actionpack (3.2.12) lib/action_dispatch/middleware/best_standards_support.rb:17:in `call'
  rack (1.4.5) lib/rack/etag.rb:23:in `call'
  rack (1.4.5) lib/rack/conditionalget.rb:25:in `call'
  actionpack (3.2.12) lib/action_dispatch/middleware/head.rb:14:in `call'
  actionpack (3.2.12) lib/action_dispatch/middleware/params_parser.rb:21:in `call'
  actionpack (3.2.12) lib/action_dispatch/middleware/flash.rb:242:in `call'
  rack (1.4.5) lib/rack/session/abstract/id.rb:210:in `context'
  rack (1.4.5) lib/rack/session/abstract/id.rb:205:in `call'
  actionpack (3.2.12) lib/action_dispatch/middleware/cookies.rb:341:in `call'
  activerecord (3.2.12) lib/active_record/query_cache.rb:64:in `call'
  activerecord (3.2.12) lib/active_record/connection_adapters/abstract/connection_pool.rb:479:in `call'
  actionpack (3.2.12) lib/action_dispatch/middleware/callbacks.rb:28:in `block in call'
  activesupport (3.2.12) lib/active_support/callbacks.rb:405:in `_run__4111379433274693898__call__32175263900795436__callbacks'
  activesupport (3.2.12) lib/active_support/callbacks.rb:405:in `__run_callback'
  activesupport (3.2.12) lib/active_support/callbacks.rb:385:in `_run_call_callbacks'
  activesupport (3.2.12) lib/active_support/callbacks.rb:81:in `run_callbacks'
  actionpack (3.2.12) lib/action_dispatch/middleware/callbacks.rb:27:in `call'
  actionpack (3.2.12) lib/action_dispatch/middleware/reloader.rb:65:in `call'
  actionpack (3.2.12) lib/action_dispatch/middleware/remote_ip.rb:31:in `call'
  actionpack (3.2.12) lib/action_dispatch/middleware/debug_exceptions.rb:16:in `call'
  actionpack (3.2.12) lib/action_dispatch/middleware/show_exceptions.rb:56:in `call'
  railties (3.2.12) lib/rails/rack/logger.rb:32:in `call_app'
  railties (3.2.12) lib/rails/rack/logger.rb:16:in `block in call'
  activesupport (3.2.12) lib/active_support/tagged_logging.rb:22:in `tagged'
  railties (3.2.12) lib/rails/rack/logger.rb:16:in `call'
  actionpack (3.2.12) lib/action_dispatch/middleware/request_id.rb:22:in `call'
  rack (1.4.5) lib/rack/methodoverride.rb:21:in `call'
  rack (1.4.5) lib/rack/runtime.rb:17:in `call'
  activesupport (3.2.12) lib/active_support/cache/strategy/local_cache.rb:72:in `call'
  rack (1.4.5) lib/rack/lock.rb:15:in `call'
  actionpack (3.2.12) lib/action_dispatch/middleware/static.rb:62:in `call'
  railties (3.2.12) lib/rails/engine.rb:479:in `call'
  railties (3.2.12) lib/rails/application.rb:223:in `call'
  rack (1.4.5) lib/rack/content_length.rb:14:in `call'
  railties (3.2.12) lib/rails/rack/log_tailer.rb:17:in `call'
  rack (1.4.5) lib/rack/handler/webrick.rb:59:in `service'
  /Users/tjarratt/.rvm/rubies/ruby-2.0.0-rc2/lib/ruby/2.0.0/webrick/httpserver.rb:138:in `service'
  /Users/tjarratt/.rvm/rubies/ruby-2.0.0-rc2/lib/ruby/2.0.0/webrick/httpserver.rb:94:in `run'
  /Users/tjarratt/.rvm/rubies/ruby-2.0.0-rc2/lib/ruby/2.0.0/webrick/server.rb:295:in `block in start_thread'


  Rendered /Users/tjarratt/.rvm/gems/ruby-2.0.0-rc2@caltrain/gems/actionpack-3.2.12/lib/action_dispatch/middleware/templates/rescues/unknown_action.erb within rescues/layout (1.4ms)


Started GET "/about" for 127.0.0.1 at 2013-02-17 13:30:58 -0800
Processing by HomeController#about as HTML
Completed 500 Internal Server Error in 3ms

ActionView::MissingTemplate (Missing template home/about, application/about with {:locale=>[:en], :formats=>[:html], :handlers=>[:erb, :builder, :coffee]}. Searched in:
  * "/Users/tjarratt/git/isCaltrainFucked-/caltrain/app/views"
):
  actionpack (3.2.12) lib/action_view/path_set.rb:58:in `find'
  actionpack (3.2.12) lib/action_view/lookup_context.rb:109:in `find'
  actionpack (3.2.12) lib/action_view/renderer/abstract_renderer.rb:3:in `find_template'
  actionpack (3.2.12) lib/action_view/renderer/template_renderer.rb:34:in `determine_template'
  actionpack (3.2.12) lib/action_view/renderer/template_renderer.rb:10:in `render'
  actionpack (3.2.12) lib/action_view/renderer/renderer.rb:36:in `render_template'
  actionpack (3.2.12) lib/action_view/renderer/renderer.rb:17:in `render'
  actionpack (3.2.12) lib/abstract_controller/rendering.rb:110:in `_render_template'
  actionpack (3.2.12) lib/action_controller/metal/streaming.rb:225:in `_render_template'
  actionpack (3.2.12) lib/abstract_controller/rendering.rb:103:in `render_to_body'
  actionpack (3.2.12) lib/action_controller/metal/renderers.rb:28:in `render_to_body'
  actionpack (3.2.12) lib/action_controller/metal/compatibility.rb:50:in `render_to_body'
  actionpack (3.2.12) lib/abstract_controller/rendering.rb:88:in `render'
  actionpack (3.2.12) lib/action_controller/metal/rendering.rb:16:in `render'
  actionpack (3.2.12) lib/action_controller/metal/instrumentation.rb:40:in `block (2 levels) in render'
  activesupport (3.2.12) lib/active_support/core_ext/benchmark.rb:5:in `block in ms'
  /Users/tjarratt/.rvm/rubies/ruby-2.0.0-rc2/lib/ruby/2.0.0/benchmark.rb:296:in `realtime'
  activesupport (3.2.12) lib/active_support/core_ext/benchmark.rb:5:in `ms'
  actionpack (3.2.12) lib/action_controller/metal/instrumentation.rb:40:in `block in render'
  actionpack (3.2.12) lib/action_controller/metal/instrumentation.rb:83:in `cleanup_view_runtime'
  activerecord (3.2.12) lib/active_record/railties/controller_runtime.rb:24:in `cleanup_view_runtime'
  actionpack (3.2.12) lib/action_controller/metal/instrumentation.rb:39:in `render'
  actionpack (3.2.12) lib/action_controller/metal/implicit_render.rb:10:in `default_render'
  actionpack (3.2.12) lib/action_controller/metal/implicit_render.rb:5:in `send_action'
  actionpack (3.2.12) lib/abstract_controller/base.rb:167:in `process_action'
  actionpack (3.2.12) lib/action_controller/metal/rendering.rb:10:in `process_action'
  actionpack (3.2.12) lib/abstract_controller/callbacks.rb:18:in `block in process_action'
  activesupport (3.2.12) lib/active_support/callbacks.rb:414:in `_run__210857415223605837__process_action__2195070635961349340__callbacks'
  activesupport (3.2.12) lib/active_support/callbacks.rb:405:in `__run_callback'
  activesupport (3.2.12) lib/active_support/callbacks.rb:385:in `_run_process_action_callbacks'
  activesupport (3.2.12) lib/active_support/callbacks.rb:81:in `run_callbacks'
  actionpack (3.2.12) lib/abstract_controller/callbacks.rb:17:in `process_action'
  actionpack (3.2.12) lib/action_controller/metal/rescue.rb:29:in `process_action'
  actionpack (3.2.12) lib/action_controller/metal/instrumentation.rb:30:in `block in process_action'
  activesupport (3.2.12) lib/active_support/notifications.rb:123:in `block in instrument'
  activesupport (3.2.12) lib/active_support/notifications/instrumenter.rb:20:in `instrument'
  activesupport (3.2.12) lib/active_support/notifications.rb:123:in `instrument'
  actionpack (3.2.12) lib/action_controller/metal/instrumentation.rb:29:in `process_action'
  actionpack (3.2.12) lib/action_controller/metal/params_wrapper.rb:207:in `process_action'
  activerecord (3.2.12) lib/active_record/railties/controller_runtime.rb:18:in `process_action'
  actionpack (3.2.12) lib/abstract_controller/base.rb:121:in `process'
  actionpack (3.2.12) lib/abstract_controller/rendering.rb:45:in `process'
  actionpack (3.2.12) lib/action_controller/metal.rb:203:in `dispatch'
  actionpack (3.2.12) lib/action_controller/metal/rack_delegation.rb:14:in `dispatch'
  actionpack (3.2.12) lib/action_controller/metal.rb:246:in `block in action'
  actionpack (3.2.12) lib/action_dispatch/routing/route_set.rb:73:in `call'
  actionpack (3.2.12) lib/action_dispatch/routing/route_set.rb:73:in `dispatch'
  actionpack (3.2.12) lib/action_dispatch/routing/route_set.rb:36:in `call'
  journey (1.0.4) lib/journey/router.rb:68:in `block in call'
  journey (1.0.4) lib/journey/router.rb:56:in `each'
  journey (1.0.4) lib/journey/router.rb:56:in `call'
  actionpack (3.2.12) lib/action_dispatch/routing/route_set.rb:601:in `call'
  actionpack (3.2.12) lib/action_dispatch/middleware/best_standards_support.rb:17:in `call'
  rack (1.4.5) lib/rack/etag.rb:23:in `call'
  rack (1.4.5) lib/rack/conditionalget.rb:25:in `call'
  actionpack (3.2.12) lib/action_dispatch/middleware/head.rb:14:in `call'
  actionpack (3.2.12) lib/action_dispatch/middleware/params_parser.rb:21:in `call'
  actionpack (3.2.12) lib/action_dispatch/middleware/flash.rb:242:in `call'
  rack (1.4.5) lib/rack/session/abstract/id.rb:210:in `context'
  rack (1.4.5) lib/rack/session/abstract/id.rb:205:in `call'
  actionpack (3.2.12) lib/action_dispatch/middleware/cookies.rb:341:in `call'
  activerecord (3.2.12) lib/active_record/query_cache.rb:64:in `call'
  activerecord (3.2.12) lib/active_record/connection_adapters/abstract/connection_pool.rb:479:in `call'
  actionpack (3.2.12) lib/action_dispatch/middleware/callbacks.rb:28:in `block in call'
  activesupport (3.2.12) lib/active_support/callbacks.rb:405:in `_run__4111379433274693898__call__32175263900795436__callbacks'
  activesupport (3.2.12) lib/active_support/callbacks.rb:405:in `__run_callback'
  activesupport (3.2.12) lib/active_support/callbacks.rb:385:in `_run_call_callbacks'
  activesupport (3.2.12) lib/active_support/callbacks.rb:81:in `run_callbacks'
  actionpack (3.2.12) lib/action_dispatch/middleware/callbacks.rb:27:in `call'
  actionpack (3.2.12) lib/action_dispatch/middleware/reloader.rb:65:in `call'
  actionpack (3.2.12) lib/action_dispatch/middleware/remote_ip.rb:31:in `call'
  actionpack (3.2.12) lib/action_dispatch/middleware/debug_exceptions.rb:16:in `call'
  actionpack (3.2.12) lib/action_dispatch/middleware/show_exceptions.rb:56:in `call'
  railties (3.2.12) lib/rails/rack/logger.rb:32:in `call_app'
  railties (3.2.12) lib/rails/rack/logger.rb:16:in `block in call'
  activesupport (3.2.12) lib/active_support/tagged_logging.rb:22:in `tagged'
  railties (3.2.12) lib/rails/rack/logger.rb:16:in `call'
  actionpack (3.2.12) lib/action_dispatch/middleware/request_id.rb:22:in `call'
  rack (1.4.5) lib/rack/methodoverride.rb:21:in `call'
  rack (1.4.5) lib/rack/runtime.rb:17:in `call'
  activesupport (3.2.12) lib/active_support/cache/strategy/local_cache.rb:72:in `call'
  rack (1.4.5) lib/rack/lock.rb:15:in `call'
  actionpack (3.2.12) lib/action_dispatch/middleware/static.rb:62:in `call'
  railties (3.2.12) lib/rails/engine.rb:479:in `call'
  railties (3.2.12) lib/rails/application.rb:223:in `call'
  rack (1.4.5) lib/rack/content_length.rb:14:in `call'
  railties (3.2.12) lib/rails/rack/log_tailer.rb:17:in `call'
  rack (1.4.5) lib/rack/handler/webrick.rb:59:in `service'
  /Users/tjarratt/.rvm/rubies/ruby-2.0.0-rc2/lib/ruby/2.0.0/webrick/httpserver.rb:138:in `service'
  /Users/tjarratt/.rvm/rubies/ruby-2.0.0-rc2/lib/ruby/2.0.0/webrick/httpserver.rb:94:in `run'
  /Users/tjarratt/.rvm/rubies/ruby-2.0.0-rc2/lib/ruby/2.0.0/webrick/server.rb:295:in `block in start_thread'


  Rendered /Users/tjarratt/.rvm/gems/ruby-2.0.0-rc2@caltrain/gems/actionpack-3.2.12/lib/action_dispatch/middleware/templates/rescues/missing_template.erb within rescues/layout (0.4ms)


Started GET "/about" for 127.0.0.1 at 2013-02-17 13:31:07 -0800
Processing by HomeController#about as HTML
  Rendered home/about.html.erb within layouts/application (0.4ms)
Completed 200 OK in 18ms (Views: 17.8ms | ActiveRecord: 0.0ms)


Started GET "/assets/jquery_ujs.js?body=1" for 127.0.0.1 at 2013-02-17 13:31:07 -0800
Served asset /jquery_ujs.js - 304 Not Modified (9ms)


Started GET "/assets/jquery.js?body=1" for 127.0.0.1 at 2013-02-17 13:31:08 -0800
Served asset /jquery.js - 304 Not Modified (2ms)


Started GET "/assets/application.css?body=1" for 127.0.0.1 at 2013-02-17 13:31:08 -0800
Served asset /application.css - 304 Not Modified (2ms)


Started GET "/assets/application.js?body=1" for 127.0.0.1 at 2013-02-17 13:31:08 -0800
Served asset /application.js - 304 Not Modified (3ms)


Started GET "/about" for 127.0.0.1 at 2013-02-17 13:34:29 -0800
Processing by HomeController#about as HTML
  Rendered home/about.html.erb within layouts/application (0.6ms)
Completed 200 OK in 5ms (Views: 4.5ms | ActiveRecord: 0.0ms)


Started GET "/assets/jquery_ujs.js?body=1" for 127.0.0.1 at 2013-02-17 13:34:30 -0800
Served asset /jquery_ujs.js - 304 Not Modified (0ms)


Started GET "/assets/application.css?body=1" for 127.0.0.1 at 2013-02-17 13:34:30 -0800
Served asset /application.css - 304 Not Modified (0ms)


Started GET "/assets/jquery.js?body=1" for 127.0.0.1 at 2013-02-17 13:34:30 -0800
Served asset /jquery.js - 304 Not Modified (0ms)


Started GET "/assets/application.js?body=1" for 127.0.0.1 at 2013-02-17 13:34:30 -0800
Served asset /application.js - 304 Not Modified (0ms)


Started GET "/about" for 127.0.0.1 at 2013-02-17 13:34:46 -0800
Processing by HomeController#about as HTML
  Rendered home/about.html.erb within layouts/application (0.5ms)
Completed 200 OK in 5ms (Views: 5.1ms | ActiveRecord: 0.0ms)


Started GET "/assets/application.css?body=1" for 127.0.0.1 at 2013-02-17 13:34:46 -0800
Served asset /application.css - 304 Not Modified (0ms)


Started GET "/assets/jquery_ujs.js?body=1" for 127.0.0.1 at 2013-02-17 13:34:46 -0800
Served asset /jquery_ujs.js - 304 Not Modified (0ms)


Started GET "/assets/application.js?body=1" for 127.0.0.1 at 2013-02-17 13:34:46 -0800
Served asset /application.js - 304 Not Modified (0ms)


Started GET "/assets/jquery.js?body=1" for 127.0.0.1 at 2013-02-17 13:34:46 -0800
Served asset /jquery.js - 304 Not Modified (0ms)


Started GET "/about" for 127.0.0.1 at 2013-02-17 13:35:20 -0800
Processing by HomeController#about as HTML
  Rendered home/about.html.erb within layouts/application (0.5ms)
Completed 200 OK in 4ms (Views: 3.9ms | ActiveRecord: 0.0ms)


Started GET "/assets/application.js?body=1" for 127.0.0.1 at 2013-02-17 13:35:20 -0800
Served asset /application.js - 304 Not Modified (0ms)


Started GET "/assets/jquery.js?body=1" for 127.0.0.1 at 2013-02-17 13:35:20 -0800
Served asset /jquery.js - 304 Not Modified (0ms)


Started GET "/assets/jquery_ujs.js?body=1" for 127.0.0.1 at 2013-02-17 13:35:20 -0800
Served asset /jquery_ujs.js - 304 Not Modified (0ms)


Started GET "/assets/application.css?body=1" for 127.0.0.1 at 2013-02-17 13:35:20 -0800
Served asset /application.css - 304 Not Modified (0ms)


Started GET "/about" for 127.0.0.1 at 2013-02-17 13:35:29 -0800
Processing by HomeController#about as HTML
  Rendered home/about.html.erb within layouts/application (0.4ms)
Completed 200 OK in 5ms (Views: 5.2ms | ActiveRecord: 0.0ms)


Started GET "/assets/jquery_ujs.js?body=1" for 127.0.0.1 at 2013-02-17 13:35:29 -0800
Served asset /jquery_ujs.js - 304 Not Modified (0ms)


Started GET "/assets/application.css?body=1" for 127.0.0.1 at 2013-02-17 13:35:29 -0800
Served asset /application.css - 304 Not Modified (0ms)


Started GET "/assets/application.js?body=1" for 127.0.0.1 at 2013-02-17 13:35:29 -0800
Served asset /application.js - 304 Not Modified (0ms)


Started GET "/assets/jquery.js?body=1" for 127.0.0.1 at 2013-02-17 13:35:29 -0800
Served asset /jquery.js - 304 Not Modified (0ms)


Started GET "/" for 127.0.0.1 at 2013-02-17 13:35:36 -0800
Processing by HomeController#index as HTML
  Rendered home/index.html.erb within layouts/application (0.8ms)
Completed 200 OK in 572ms (Views: 7.2ms | ActiveRecord: 0.0ms)


Started GET "/assets/jquery.js?body=1" for 127.0.0.1 at 2013-02-17 13:35:37 -0800
Served asset /jquery.js - 304 Not Modified (0ms)


Started GET "/assets/application.css?body=1" for 127.0.0.1 at 2013-02-17 13:35:37 -0800
Served asset /application.css - 304 Not Modified (0ms)


Started GET "/assets/application.js?body=1" for 127.0.0.1 at 2013-02-17 13:35:37 -0800
Served asset /application.js - 304 Not Modified (0ms)


Started GET "/assets/jquery_ujs.js?body=1" for 127.0.0.1 at 2013-02-17 13:35:37 -0800
Served asset /jquery_ujs.js - 304 Not Modified (0ms)


Started GET "/" for 127.0.0.1 at 2013-02-17 13:36:41 -0800
Processing by HomeController#index as HTML
  Rendered home/index.html.erb within layouts/application (0.6ms)
Completed 200 OK in 710ms (Views: 3.9ms | ActiveRecord: 0.0ms)


Started GET "/" for 127.0.0.1 at 2013-02-17 13:36:54 -0800
Processing by HomeController#index as HTML
  Rendered home/index.html.erb within layouts/application (0.1ms)
Completed 200 OK in 343ms (Views: 2.4ms | ActiveRecord: 0.0ms)


Started GET "/" for 127.0.0.1 at 2013-02-17 13:37:09 -0800
Processing by HomeController#index as HTML
  Rendered home/index.html.erb within layouts/application (0.1ms)
Completed 200 OK in 822ms (Views: 2.3ms | ActiveRecord: 0.0ms)


Started GET "/about" for 127.0.0.1 at 2013-02-17 13:37:11 -0800
Processing by HomeController#about as HTML
  Rendered home/about.html.erb within layouts/application (0.4ms)
Completed 200 OK in 2ms (Views: 1.8ms | ActiveRecord: 0.0ms)


Started GET "/" for 127.0.0.1 at 2013-02-17 13:42:57 -0800
Processing by HomeController#index as HTML
Completed 500 Internal Server Error in 20677ms

SocketError (getaddrinfo: nodename nor servname provided, or not known):
  app/controllers/home_controller.rb:42:in `sf_giants_play_today?'
  app/controllers/home_controller.rb:7:in `index'


  Rendered /Users/tjarratt/.rvm/gems/ruby-2.0.0-rc2@caltrain/gems/actionpack-3.2.12/lib/action_dispatch/middleware/templates/rescues/_trace.erb (2.2ms)
  Rendered /Users/tjarratt/.rvm/gems/ruby-2.0.0-rc2@caltrain/gems/actionpack-3.2.12/lib/action_dispatch/middleware/templates/rescues/_request_and_response.erb (1.6ms)
  Rendered /Users/tjarratt/.rvm/gems/ruby-2.0.0-rc2@caltrain/gems/actionpack-3.2.12/lib/action_dispatch/middleware/templates/rescues/diagnostics.erb within rescues/layout (15.0ms)


Started GET "/" for 127.0.0.1 at 2013-02-17 13:43:21 -0800
Processing by HomeController#index as HTML
Completed 500 Internal Server Error in 1ms

SocketError (getaddrinfo: nodename nor servname provided, or not known):
  app/controllers/home_controller.rb:42:in `sf_giants_play_today?'
  app/controllers/home_controller.rb:7:in `index'


  Rendered /Users/tjarratt/.rvm/gems/ruby-2.0.0-rc2@caltrain/gems/actionpack-3.2.12/lib/action_dispatch/middleware/templates/rescues/_trace.erb (1.1ms)
  Rendered /Users/tjarratt/.rvm/gems/ruby-2.0.0-rc2@caltrain/gems/actionpack-3.2.12/lib/action_dispatch/middleware/templates/rescues/_request_and_response.erb (0.9ms)
  Rendered /Users/tjarratt/.rvm/gems/ruby-2.0.0-rc2@caltrain/gems/actionpack-3.2.12/lib/action_dispatch/middleware/templates/rescues/diagnostics.erb within rescues/layout (7.3ms)


Started GET "/" for 127.0.0.1 at 2013-02-17 13:43:22 -0800
Processing by HomeController#index as HTML
Completed 500 Internal Server Error in 1ms

SocketError (getaddrinfo: nodename nor servname provided, or not known):
  app/controllers/home_controller.rb:42:in `sf_giants_play_today?'
  app/controllers/home_controller.rb:7:in `index'


  Rendered /Users/tjarratt/.rvm/gems/ruby-2.0.0-rc2@caltrain/gems/actionpack-3.2.12/lib/action_dispatch/middleware/templates/rescues/_trace.erb (1.2ms)
  Rendered /Users/tjarratt/.rvm/gems/ruby-2.0.0-rc2@caltrain/gems/actionpack-3.2.12/lib/action_dispatch/middleware/templates/rescues/_request_and_response.erb (1.0ms)
  Rendered /Users/tjarratt/.rvm/gems/ruby-2.0.0-rc2@caltrain/gems/actionpack-3.2.12/lib/action_dispatch/middleware/templates/rescues/diagnostics.erb within rescues/layout (7.7ms)


Started GET "/" for 127.0.0.1 at 2013-02-17 13:43:44 -0800
Processing by HomeController#index as HTML
ERROR: compiling _app_views_home_index_html_erb___3039313327564401157_70174338804920 RAISED /Users/tjarratt/git/isCaltrainFucked-/caltrain/app/views/home/index.html.erb:14: syntax error, unexpected keyword_ensure, expecting end-of-input
Function body:           def _app_views_home_index_html_erb___3039313327564401157_70174338804920(local_assigns, output_buffer)
            _old_virtual_path, @virtual_path = @virtual_path, "home/index";_old_output_buffer = @output_buffer;;@output_buffer = output_buffer || ActionView::OutputBuffer.new;@output_buffer.safe_concat('<h1>
  ');@output_buffer.append= ( @is_there_a_sports_today ? "YEP" : "MAYBE" );@output_buffer.safe_concat('
');@output_buffer.safe_concat('</h1>

<p>
  ');@output_buffer.append= ( @is_there_a_sports_today ? "Lousy SF Giants ... " : "no baseball game, but you never know ... " );@output_buffer.safe_concat('
');@output_buffer.safe_concat('</p>

');@output_buffer.append= ( content_for(:footer) );@output_buffer.safe_concat('
');@output_buffer.safe_concat('<p><a href="/about">What is this about</a></p>
<p>Inspired by <a href="http://isthereasportstoday.com/">Is There a Sports Today?</a></a>
'); end 
@output_buffer.to_s
          ensure
            @virtual_path, @output_buffer = _old_virtual_path, _old_output_buffer
          end

Backtrace: /Users/tjarratt/.rvm/gems/ruby-2.0.0-rc2@caltrain/gems/actionpack-3.2.12/lib/action_view/template.rb:297:in `module_eval'
/Users/tjarratt/.rvm/gems/ruby-2.0.0-rc2@caltrain/gems/actionpack-3.2.12/lib/action_view/template.rb:297:in `compile'
/Users/tjarratt/.rvm/gems/ruby-2.0.0-rc2@caltrain/gems/actionpack-3.2.12/lib/action_view/template.rb:244:in `block in compile!'
/Users/tjarratt/.rvm/gems/ruby-2.0.0-rc2@caltrain/gems/actionpack-3.2.12/lib/action_view/template.rb:232:in `synchronize'
/Users/tjarratt/.rvm/gems/ruby-2.0.0-rc2@caltrain/gems/actionpack-3.2.12/lib/action_view/template.rb:232:in `compile!'
/Users/tjarratt/.rvm/gems/ruby-2.0.0-rc2@caltrain/gems/actionpack-3.2.12/lib/action_view/template.rb:144:in `block in render'
/Users/tjarratt/.rvm/gems/ruby-2.0.0-rc2@caltrain/gems/activesupport-3.2.12/lib/active_support/notifications.rb:125:in `instrument'
/Users/tjarratt/.rvm/gems/ruby-2.0.0-rc2@caltrain/gems/actionpack-3.2.12/lib/action_view/template.rb:143:in `render'
/Users/tjarratt/.rvm/gems/ruby-2.0.0-rc2@caltrain/gems/actionpack-3.2.12/lib/action_view/renderer/template_renderer.rb:47:in `block (2 levels) in render_template'
/Users/tjarratt/.rvm/gems/ruby-2.0.0-rc2@caltrain/gems/actionpack-3.2.12/lib/action_view/renderer/abstract_renderer.rb:38:in `block in instrument'
/Users/tjarratt/.rvm/gems/ruby-2.0.0-rc2@caltrain/gems/activesupport-3.2.12/lib/active_support/notifications.rb:123:in `block in instrument'
/Users/tjarratt/.rvm/gems/ruby-2.0.0-rc2@caltrain/gems/activesupport-3.2.12/lib/active_support/notifications/instrumenter.rb:20:in `instrument'
/Users/tjarratt/.rvm/gems/ruby-2.0.0-rc2@caltrain/gems/activesupport-3.2.12/lib/active_support/notifications.rb:123:in `instrument'
/Users/tjarratt/.rvm/gems/ruby-2.0.0-rc2@caltrain/gems/actionpack-3.2.12/lib/action_view/renderer/abstract_renderer.rb:38:in `instrument'
/Users/tjarratt/.rvm/gems/ruby-2.0.0-rc2@caltrain/gems/actionpack-3.2.12/lib/action_view/renderer/template_renderer.rb:46:in `block in render_template'
/Users/tjarratt/.rvm/gems/ruby-2.0.0-rc2@caltrain/gems/actionpack-3.2.12/lib/action_view/renderer/template_renderer.rb:54:in `render_with_layout'
/Users/tjarratt/.rvm/gems/ruby-2.0.0-rc2@caltrain/gems/actionpack-3.2.12/lib/action_view/renderer/template_renderer.rb:45:in `render_template'
/Users/tjarratt/.rvm/gems/ruby-2.0.0-rc2@caltrain/gems/actionpack-3.2.12/lib/action_view/renderer/template_renderer.rb:18:in `render'
/Users/tjarratt/.rvm/gems/ruby-2.0.0-rc2@caltrain/gems/actionpack-3.2.12/lib/action_view/renderer/renderer.rb:36:in `render_template'
/Users/tjarratt/.rvm/gems/ruby-2.0.0-rc2@caltrain/gems/actionpack-3.2.12/lib/action_view/renderer/renderer.rb:17:in `render'
/Users/tjarratt/.rvm/gems/ruby-2.0.0-rc2@caltrain/gems/actionpack-3.2.12/lib/abstract_controller/rendering.rb:110:in `_render_template'
/Users/tjarratt/.rvm/gems/ruby-2.0.0-rc2@caltrain/gems/actionpack-3.2.12/lib/action_controller/metal/streaming.rb:225:in `_render_template'
/Users/tjarratt/.rvm/gems/ruby-2.0.0-rc2@caltrain/gems/actionpack-3.2.12/lib/abstract_controller/rendering.rb:103:in `render_to_body'
/Users/tjarratt/.rvm/gems/ruby-2.0.0-rc2@caltrain/gems/actionpack-3.2.12/lib/action_controller/metal/renderers.rb:28:in `render_to_body'
/Users/tjarratt/.rvm/gems/ruby-2.0.0-rc2@caltrain/gems/actionpack-3.2.12/lib/action_controller/metal/compatibility.rb:50:in `render_to_body'
/Users/tjarratt/.rvm/gems/ruby-2.0.0-rc2@caltrain/gems/actionpack-3.2.12/lib/abstract_controller/rendering.rb:88:in `render'
/Users/tjarratt/.rvm/gems/ruby-2.0.0-rc2@caltrain/gems/actionpack-3.2.12/lib/action_controller/metal/rendering.rb:16:in `render'
/Users/tjarratt/.rvm/gems/ruby-2.0.0-rc2@caltrain/gems/actionpack-3.2.12/lib/action_controller/metal/instrumentation.rb:40:in `block (2 levels) in render'
/Users/tjarratt/.rvm/gems/ruby-2.0.0-rc2@caltrain/gems/activesupport-3.2.12/lib/active_support/core_ext/benchmark.rb:5:in `block in ms'
/Users/tjarratt/.rvm/rubies/ruby-2.0.0-rc2/lib/ruby/2.0.0/benchmark.rb:296:in `realtime'
/Users/tjarratt/.rvm/gems/ruby-2.0.0-rc2@caltrain/gems/activesupport-3.2.12/lib/active_support/core_ext/benchmark.rb:5:in `ms'
/Users/tjarratt/.rvm/gems/ruby-2.0.0-rc2@caltrain/gems/actionpack-3.2.12/lib/action_controller/metal/instrumentation.rb:40:in `block in render'
/Users/tjarratt/.rvm/gems/ruby-2.0.0-rc2@caltrain/gems/actionpack-3.2.12/lib/action_controller/metal/instrumentation.rb:83:in `cleanup_view_runtime'
/Users/tjarratt/.rvm/gems/ruby-2.0.0-rc2@caltrain/gems/activerecord-3.2.12/lib/active_record/railties/controller_runtime.rb:24:in `cleanup_view_runtime'
/Users/tjarratt/.rvm/gems/ruby-2.0.0-rc2@caltrain/gems/actionpack-3.2.12/lib/action_controller/metal/instrumentation.rb:39:in `render'
/Users/tjarratt/.rvm/gems/ruby-2.0.0-rc2@caltrain/gems/actionpack-3.2.12/lib/action_controller/metal/implicit_render.rb:10:in `default_render'
/Users/tjarratt/.rvm/gems/ruby-2.0.0-rc2@caltrain/gems/actionpack-3.2.12/lib/action_controller/metal/implicit_render.rb:5:in `send_action'
/Users/tjarratt/.rvm/gems/ruby-2.0.0-rc2@caltrain/gems/actionpack-3.2.12/lib/abstract_controller/base.rb:167:in `process_action'
/Users/tjarratt/.rvm/gems/ruby-2.0.0-rc2@caltrain/gems/actionpack-3.2.12/lib/action_controller/metal/rendering.rb:10:in `process_action'
/Users/tjarratt/.rvm/gems/ruby-2.0.0-rc2@caltrain/gems/actionpack-3.2.12/lib/abstract_controller/callbacks.rb:18:in `block in process_action'
/Users/tjarratt/.rvm/gems/ruby-2.0.0-rc2@caltrain/gems/activesupport-3.2.12/lib/active_support/callbacks.rb:414:in `_run__210857415223605837__process_action__1117651096310318460__callbacks'
/Users/tjarratt/.rvm/gems/ruby-2.0.0-rc2@caltrain/gems/activesupport-3.2.12/lib/active_support/callbacks.rb:405:in `__run_callback'
/Users/tjarratt/.rvm/gems/ruby-2.0.0-rc2@caltrain/gems/activesupport-3.2.12/lib/active_support/callbacks.rb:385:in `_run_process_action_callbacks'
/Users/tjarratt/.rvm/gems/ruby-2.0.0-rc2@caltrain/gems/activesupport-3.2.12/lib/active_support/callbacks.rb:81:in `run_callbacks'
/Users/tjarratt/.rvm/gems/ruby-2.0.0-rc2@caltrain/gems/actionpack-3.2.12/lib/abstract_controller/callbacks.rb:17:in `process_action'
/Users/tjarratt/.rvm/gems/ruby-2.0.0-rc2@caltrain/gems/actionpack-3.2.12/lib/action_controller/metal/rescue.rb:29:in `process_action'
/Users/tjarratt/.rvm/gems/ruby-2.0.0-rc2@caltrain/gems/actionpack-3.2.12/lib/action_controller/metal/instrumentation.rb:30:in `block in process_action'
/Users/tjarratt/.rvm/gems/ruby-2.0.0-rc2@caltrain/gems/activesupport-3.2.12/lib/active_support/notifications.rb:123:in `block in instrument'
/Users/tjarratt/.rvm/gems/ruby-2.0.0-rc2@caltrain/gems/activesupport-3.2.12/lib/active_support/notifications/instrumenter.rb:20:in `instrument'
/Users/tjarratt/.rvm/gems/ruby-2.0.0-rc2@caltrain/gems/activesupport-3.2.12/lib/active_support/notifications.rb:123:in `instrument'
/Users/tjarratt/.rvm/gems/ruby-2.0.0-rc2@caltrain/gems/actionpack-3.2.12/lib/action_controller/metal/instrumentation.rb:29:in `process_action'
/Users/tjarratt/.rvm/gems/ruby-2.0.0-rc2@caltrain/gems/actionpack-3.2.12/lib/action_controller/metal/params_wrapper.rb:207:in `process_action'
/Users/tjarratt/.rvm/gems/ruby-2.0.0-rc2@caltrain/gems/activerecord-3.2.12/lib/active_record/railties/controller_runtime.rb:18:in `process_action'
/Users/tjarratt/.rvm/gems/ruby-2.0.0-rc2@caltrain/gems/actionpack-3.2.12/lib/abstract_controller/base.rb:121:in `process'
/Users/tjarratt/.rvm/gems/ruby-2.0.0-rc2@caltrain/gems/actionpack-3.2.12/lib/abstract_controller/rendering.rb:45:in `process'
/Users/tjarratt/.rvm/gems/ruby-2.0.0-rc2@caltrain/gems/actionpack-3.2.12/lib/action_controller/metal.rb:203:in `dispatch'
/Users/tjarratt/.rvm/gems/ruby-2.0.0-rc2@caltrain/gems/actionpack-3.2.12/lib/action_controller/metal/rack_delegation.rb:14:in `dispatch'
/Users/tjarratt/.rvm/gems/ruby-2.0.0-rc2@caltrain/gems/actionpack-3.2.12/lib/action_controller/metal.rb:246:in `block in action'
/Users/tjarratt/.rvm/gems/ruby-2.0.0-rc2@caltrain/gems/actionpack-3.2.12/lib/action_dispatch/routing/route_set.rb:73:in `call'
/Users/tjarratt/.rvm/gems/ruby-2.0.0-rc2@caltrain/gems/actionpack-3.2.12/lib/action_dispatch/routing/route_set.rb:73:in `dispatch'
/Users/tjarratt/.rvm/gems/ruby-2.0.0-rc2@caltrain/gems/actionpack-3.2.12/lib/action_dispatch/routing/route_set.rb:36:in `call'
/Users/tjarratt/.rvm/gems/ruby-2.0.0-rc2@caltrain/gems/journey-1.0.4/lib/journey/router.rb:68:in `block in call'
/Users/tjarratt/.rvm/gems/ruby-2.0.0-rc2@caltrain/gems/journey-1.0.4/lib/journey/router.rb:56:in `each'
/Users/tjarratt/.rvm/gems/ruby-2.0.0-rc2@caltrain/gems/journey-1.0.4/lib/journey/router.rb:56:in `call'
/Users/tjarratt/.rvm/gems/ruby-2.0.0-rc2@caltrain/gems/actionpack-3.2.12/lib/action_dispatch/routing/route_set.rb:601:in `call'
/Users/tjarratt/.rvm/gems/ruby-2.0.0-rc2@caltrain/gems/actionpack-3.2.12/lib/action_dispatch/middleware/best_standards_support.rb:17:in `call'
/Users/tjarratt/.rvm/gems/ruby-2.0.0-rc2@caltrain/gems/rack-1.4.5/lib/rack/etag.rb:23:in `call'
/Users/tjarratt/.rvm/gems/ruby-2.0.0-rc2@caltrain/gems/rack-1.4.5/lib/rack/conditionalget.rb:25:in `call'
/Users/tjarratt/.rvm/gems/ruby-2.0.0-rc2@caltrain/gems/actionpack-3.2.12/lib/action_dispatch/middleware/head.rb:14:in `call'
/Users/tjarratt/.rvm/gems/ruby-2.0.0-rc2@caltrain/gems/actionpack-3.2.12/lib/action_dispatch/middleware/params_parser.rb:21:in `call'
/Users/tjarratt/.rvm/gems/ruby-2.0.0-rc2@caltrain/gems/actionpack-3.2.12/lib/action_dispatch/middleware/flash.rb:242:in `call'
/Users/tjarratt/.rvm/gems/ruby-2.0.0-rc2@caltrain/gems/rack-1.4.5/lib/rack/session/abstract/id.rb:210:in `context'
/Users/tjarratt/.rvm/gems/ruby-2.0.0-rc2@caltrain/gems/rack-1.4.5/lib/rack/session/abstract/id.rb:205:in `call'
/Users/tjarratt/.rvm/gems/ruby-2.0.0-rc2@caltrain/gems/actionpack-3.2.12/lib/action_dispatch/middleware/cookies.rb:341:in `call'
/Users/tjarratt/.rvm/gems/ruby-2.0.0-rc2@caltrain/gems/activerecord-3.2.12/lib/active_record/query_cache.rb:64:in `call'
/Users/tjarratt/.rvm/gems/ruby-2.0.0-rc2@caltrain/gems/activerecord-3.2.12/lib/active_record/connection_adapters/abstract/connection_pool.rb:479:in `call'
/Users/tjarratt/.rvm/gems/ruby-2.0.0-rc2@caltrain/gems/actionpack-3.2.12/lib/action_dispatch/middleware/callbacks.rb:28:in `block in call'
/Users/tjarratt/.rvm/gems/ruby-2.0.0-rc2@caltrain/gems/activesupport-3.2.12/lib/active_support/callbacks.rb:405:in `_run__4111379433274693898__call__32175263900795436__callbacks'
/Users/tjarratt/.rvm/gems/ruby-2.0.0-rc2@caltrain/gems/activesupport-3.2.12/lib/active_support/callbacks.rb:405:in `__run_callback'
/Users/tjarratt/.rvm/gems/ruby-2.0.0-rc2@caltrain/gems/activesupport-3.2.12/lib/active_support/callbacks.rb:385:in `_run_call_callbacks'
/Users/tjarratt/.rvm/gems/ruby-2.0.0-rc2@caltrain/gems/activesupport-3.2.12/lib/active_support/callbacks.rb:81:in `run_callbacks'
/Users/tjarratt/.rvm/gems/ruby-2.0.0-rc2@caltrain/gems/actionpack-3.2.12/lib/action_dispatch/middleware/callbacks.rb:27:in `call'
/Users/tjarratt/.rvm/gems/ruby-2.0.0-rc2@caltrain/gems/actionpack-3.2.12/lib/action_dispatch/middleware/reloader.rb:65:in `call'
/Users/tjarratt/.rvm/gems/ruby-2.0.0-rc2@caltrain/gems/actionpack-3.2.12/lib/action_dispatch/middleware/remote_ip.rb:31:in `call'
/Users/tjarratt/.rvm/gems/ruby-2.0.0-rc2@caltrain/gems/actionpack-3.2.12/lib/action_dispatch/middleware/debug_exceptions.rb:16:in `call'
/Users/tjarratt/.rvm/gems/ruby-2.0.0-rc2@caltrain/gems/actionpack-3.2.12/lib/action_dispatch/middleware/show_exceptions.rb:56:in `call'
/Users/tjarratt/.rvm/gems/ruby-2.0.0-rc2@caltrain/gems/railties-3.2.12/lib/rails/rack/logger.rb:32:in `call_app'
/Users/tjarratt/.rvm/gems/ruby-2.0.0-rc2@caltrain/gems/railties-3.2.12/lib/rails/rack/logger.rb:16:in `block in call'
/Users/tjarratt/.rvm/gems/ruby-2.0.0-rc2@caltrain/gems/activesupport-3.2.12/lib/active_support/tagged_logging.rb:22:in `tagged'
/Users/tjarratt/.rvm/gems/ruby-2.0.0-rc2@caltrain/gems/railties-3.2.12/lib/rails/rack/logger.rb:16:in `call'
/Users/tjarratt/.rvm/gems/ruby-2.0.0-rc2@caltrain/gems/actionpack-3.2.12/lib/action_dispatch/middleware/request_id.rb:22:in `call'
/Users/tjarratt/.rvm/gems/ruby-2.0.0-rc2@caltrain/gems/rack-1.4.5/lib/rack/methodoverride.rb:21:in `call'
/Users/tjarratt/.rvm/gems/ruby-2.0.0-rc2@caltrain/gems/rack-1.4.5/lib/rack/runtime.rb:17:in `call'
/Users/tjarratt/.rvm/gems/ruby-2.0.0-rc2@caltrain/gems/activesupport-3.2.12/lib/active_support/cache/strategy/local_cache.rb:72:in `call'
/Users/tjarratt/.rvm/gems/ruby-2.0.0-rc2@caltrain/gems/rack-1.4.5/lib/rack/lock.rb:15:in `call'
/Users/tjarratt/.rvm/gems/ruby-2.0.0-rc2@caltrain/gems/actionpack-3.2.12/lib/action_dispatch/middleware/static.rb:62:in `call'
/Users/tjarratt/.rvm/gems/ruby-2.0.0-rc2@caltrain/gems/railties-3.2.12/lib/rails/engine.rb:479:in `call'
/Users/tjarratt/.rvm/gems/ruby-2.0.0-rc2@caltrain/gems/railties-3.2.12/lib/rails/application.rb:223:in `call'
/Users/tjarratt/.rvm/gems/ruby-2.0.0-rc2@caltrain/gems/rack-1.4.5/lib/rack/content_length.rb:14:in `call'
/Users/tjarratt/.rvm/gems/ruby-2.0.0-rc2@caltrain/gems/railties-3.2.12/lib/rails/rack/log_tailer.rb:17:in `call'
/Users/tjarratt/.rvm/gems/ruby-2.0.0-rc2@caltrain/gems/rack-1.4.5/lib/rack/handler/webrick.rb:59:in `service'
/Users/tjarratt/.rvm/rubies/ruby-2.0.0-rc2/lib/ruby/2.0.0/webrick/httpserver.rb:138:in `service'
/Users/tjarratt/.rvm/rubies/ruby-2.0.0-rc2/lib/ruby/2.0.0/webrick/httpserver.rb:94:in `run'
/Users/tjarratt/.rvm/rubies/ruby-2.0.0-rc2/lib/ruby/2.0.0/webrick/server.rb:295:in `block in start_thread'
  Rendered home/index.html.erb within layouts/application (1.4ms)
Completed 500 Internal Server Error in 489ms

ActionView::Template::Error (/Users/tjarratt/git/isCaltrainFucked-/caltrain/app/views/home/index.html.erb:14: syntax error, unexpected keyword_ensure, expecting end-of-input):
    11: <p>Inspired by <a href="http://isthereasportstoday.com/">Is There a Sports Today?</a></a>
    12: <% end %>
  actionpack (3.2.12) lib/action_view/template.rb:297:in `module_eval'
  actionpack (3.2.12) lib/action_view/template.rb:297:in `compile'
  actionpack (3.2.12) lib/action_view/template.rb:244:in `block in compile!'
  actionpack (3.2.12) lib/action_view/template.rb:232:in `synchronize'
  actionpack (3.2.12) lib/action_view/template.rb:232:in `compile!'
  actionpack (3.2.12) lib/action_view/template.rb:144:in `block in render'
  activesupport (3.2.12) lib/active_support/notifications.rb:125:in `instrument'
  actionpack (3.2.12) lib/action_view/template.rb:143:in `render'
  actionpack (3.2.12) lib/action_view/renderer/template_renderer.rb:47:in `block (2 levels) in render_template'
  actionpack (3.2.12) lib/action_view/renderer/abstract_renderer.rb:38:in `block in instrument'
  activesupport (3.2.12) lib/active_support/notifications.rb:123:in `block in instrument'
  activesupport (3.2.12) lib/active_support/notifications/instrumenter.rb:20:in `instrument'
  activesupport (3.2.12) lib/active_support/notifications.rb:123:in `instrument'
  actionpack (3.2.12) lib/action_view/renderer/abstract_renderer.rb:38:in `instrument'
  actionpack (3.2.12) lib/action_view/renderer/template_renderer.rb:46:in `block in render_template'
  actionpack (3.2.12) lib/action_view/renderer/template_renderer.rb:54:in `render_with_layout'
  actionpack (3.2.12) lib/action_view/renderer/template_renderer.rb:45:in `render_template'
  actionpack (3.2.12) lib/action_view/renderer/template_renderer.rb:18:in `render'
  actionpack (3.2.12) lib/action_view/renderer/renderer.rb:36:in `render_template'
  actionpack (3.2.12) lib/action_view/renderer/renderer.rb:17:in `render'
  actionpack (3.2.12) lib/abstract_controller/rendering.rb:110:in `_render_template'
  actionpack (3.2.12) lib/action_controller/metal/streaming.rb:225:in `_render_template'
  actionpack (3.2.12) lib/abstract_controller/rendering.rb:103:in `render_to_body'
  actionpack (3.2.12) lib/action_controller/metal/renderers.rb:28:in `render_to_body'
  actionpack (3.2.12) lib/action_controller/metal/compatibility.rb:50:in `render_to_body'
  actionpack (3.2.12) lib/abstract_controller/rendering.rb:88:in `render'
  actionpack (3.2.12) lib/action_controller/metal/rendering.rb:16:in `render'
  actionpack (3.2.12) lib/action_controller/metal/instrumentation.rb:40:in `block (2 levels) in render'
  activesupport (3.2.12) lib/active_support/core_ext/benchmark.rb:5:in `block in ms'
  /Users/tjarratt/.rvm/rubies/ruby-2.0.0-rc2/lib/ruby/2.0.0/benchmark.rb:296:in `realtime'
  activesupport (3.2.12) lib/active_support/core_ext/benchmark.rb:5:in `ms'
  actionpack (3.2.12) lib/action_controller/metal/instrumentation.rb:40:in `block in render'
  actionpack (3.2.12) lib/action_controller/metal/instrumentation.rb:83:in `cleanup_view_runtime'
  activerecord (3.2.12) lib/active_record/railties/controller_runtime.rb:24:in `cleanup_view_runtime'
  actionpack (3.2.12) lib/action_controller/metal/instrumentation.rb:39:in `render'
  actionpack (3.2.12) lib/action_controller/metal/implicit_render.rb:10:in `default_render'
  actionpack (3.2.12) lib/action_controller/metal/implicit_render.rb:5:in `send_action'
  actionpack (3.2.12) lib/abstract_controller/base.rb:167:in `process_action'
  actionpack (3.2.12) lib/action_controller/metal/rendering.rb:10:in `process_action'
  actionpack (3.2.12) lib/abstract_controller/callbacks.rb:18:in `block in process_action'
  activesupport (3.2.12) lib/active_support/callbacks.rb:414:in `_run__210857415223605837__process_action__1117651096310318460__callbacks'
  activesupport (3.2.12) lib/active_support/callbacks.rb:405:in `__run_callback'
  activesupport (3.2.12) lib/active_support/callbacks.rb:385:in `_run_process_action_callbacks'
  activesupport (3.2.12) lib/active_support/callbacks.rb:81:in `run_callbacks'
  actionpack (3.2.12) lib/abstract_controller/callbacks.rb:17:in `process_action'
  actionpack (3.2.12) lib/action_controller/metal/rescue.rb:29:in `process_action'
  actionpack (3.2.12) lib/action_controller/metal/instrumentation.rb:30:in `block in process_action'
  activesupport (3.2.12) lib/active_support/notifications.rb:123:in `block in instrument'
  activesupport (3.2.12) lib/active_support/notifications/instrumenter.rb:20:in `instrument'
  activesupport (3.2.12) lib/active_support/notifications.rb:123:in `instrument'
  actionpack (3.2.12) lib/action_controller/metal/instrumentation.rb:29:in `process_action'
  actionpack (3.2.12) lib/action_controller/metal/params_wrapper.rb:207:in `process_action'
  activerecord (3.2.12) lib/active_record/railties/controller_runtime.rb:18:in `process_action'
  actionpack (3.2.12) lib/abstract_controller/base.rb:121:in `process'
  actionpack (3.2.12) lib/abstract_controller/rendering.rb:45:in `process'
  actionpack (3.2.12) lib/action_controller/metal.rb:203:in `dispatch'
  actionpack (3.2.12) lib/action_controller/metal/rack_delegation.rb:14:in `dispatch'
  actionpack (3.2.12) lib/action_controller/metal.rb:246:in `block in action'
  actionpack (3.2.12) lib/action_dispatch/routing/route_set.rb:73:in `call'
  actionpack (3.2.12) lib/action_dispatch/routing/route_set.rb:73:in `dispatch'
  actionpack (3.2.12) lib/action_dispatch/routing/route_set.rb:36:in `call'
  journey (1.0.4) lib/journey/router.rb:68:in `block in call'
  journey (1.0.4) lib/journey/router.rb:56:in `each'
  journey (1.0.4) lib/journey/router.rb:56:in `call'
  actionpack (3.2.12) lib/action_dispatch/routing/route_set.rb:601:in `call'
  actionpack (3.2.12) lib/action_dispatch/middleware/best_standards_support.rb:17:in `call'
  rack (1.4.5) lib/rack/etag.rb:23:in `call'
  rack (1.4.5) lib/rack/conditionalget.rb:25:in `call'
  actionpack (3.2.12) lib/action_dispatch/middleware/head.rb:14:in `call'
  actionpack (3.2.12) lib/action_dispatch/middleware/params_parser.rb:21:in `call'
  actionpack (3.2.12) lib/action_dispatch/middleware/flash.rb:242:in `call'
  rack (1.4.5) lib/rack/session/abstract/id.rb:210:in `context'
  rack (1.4.5) lib/rack/session/abstract/id.rb:205:in `call'
  actionpack (3.2.12) lib/action_dispatch/middleware/cookies.rb:341:in `call'
  activerecord (3.2.12) lib/active_record/query_cache.rb:64:in `call'
  activerecord (3.2.12) lib/active_record/connection_adapters/abstract/connection_pool.rb:479:in `call'
  actionpack (3.2.12) lib/action_dispatch/middleware/callbacks.rb:28:in `block in call'
  activesupport (3.2.12) lib/active_support/callbacks.rb:405:in `_run__4111379433274693898__call__32175263900795436__callbacks'
  activesupport (3.2.12) lib/active_support/callbacks.rb:405:in `__run_callback'
  activesupport (3.2.12) lib/active_support/callbacks.rb:385:in `_run_call_callbacks'
  activesupport (3.2.12) lib/active_support/callbacks.rb:81:in `run_callbacks'
  actionpack (3.2.12) lib/action_dispatch/middleware/callbacks.rb:27:in `call'
  actionpack (3.2.12) lib/action_dispatch/middleware/reloader.rb:65:in `call'
  actionpack (3.2.12) lib/action_dispatch/middleware/remote_ip.rb:31:in `call'
  actionpack (3.2.12) lib/action_dispatch/middleware/debug_exceptions.rb:16:in `call'
  actionpack (3.2.12) lib/action_dispatch/middleware/show_exceptions.rb:56:in `call'
  railties (3.2.12) lib/rails/rack/logger.rb:32:in `call_app'
  railties (3.2.12) lib/rails/rack/logger.rb:16:in `block in call'
  activesupport (3.2.12) lib/active_support/tagged_logging.rb:22:in `tagged'
  railties (3.2.12) lib/rails/rack/logger.rb:16:in `call'
  actionpack (3.2.12) lib/action_dispatch/middleware/request_id.rb:22:in `call'
  rack (1.4.5) lib/rack/methodoverride.rb:21:in `call'
  rack (1.4.5) lib/rack/runtime.rb:17:in `call'
  activesupport (3.2.12) lib/active_support/cache/strategy/local_cache.rb:72:in `call'
  rack (1.4.5) lib/rack/lock.rb:15:in `call'
  actionpack (3.2.12) lib/action_dispatch/middleware/static.rb:62:in `call'
  railties (3.2.12) lib/rails/engine.rb:479:in `call'
  railties (3.2.12) lib/rails/application.rb:223:in `call'
  rack (1.4.5) lib/rack/content_length.rb:14:in `call'
  railties (3.2.12) lib/rails/rack/log_tailer.rb:17:in `call'
  rack (1.4.5) lib/rack/handler/webrick.rb:59:in `service'
  /Users/tjarratt/.rvm/rubies/ruby-2.0.0-rc2/lib/ruby/2.0.0/webrick/httpserver.rb:138:in `service'
  /Users/tjarratt/.rvm/rubies/ruby-2.0.0-rc2/lib/ruby/2.0.0/webrick/httpserver.rb:94:in `run'
  /Users/tjarratt/.rvm/rubies/ruby-2.0.0-rc2/lib/ruby/2.0.0/webrick/server.rb:295:in `block in start_thread'


  Rendered /Users/tjarratt/.rvm/gems/ruby-2.0.0-rc2@caltrain/gems/actionpack-3.2.12/lib/action_dispatch/middleware/templates/rescues/_trace.erb (1.2ms)
  Rendered /Users/tjarratt/.rvm/gems/ruby-2.0.0-rc2@caltrain/gems/actionpack-3.2.12/lib/action_dispatch/middleware/templates/rescues/_request_and_response.erb (0.8ms)
  Rendered /Users/tjarratt/.rvm/gems/ruby-2.0.0-rc2@caltrain/gems/actionpack-3.2.12/lib/action_dispatch/middleware/templates/rescues/template_error.erb within rescues/layout (7.6ms)


Started GET "/" for 127.0.0.1 at 2013-02-17 13:46:03 -0800
Processing by HomeController#index as HTML
ERROR: compiling _app_views_home_index_html_erb___3039313327564401157_70174338804920 RAISED /Users/tjarratt/git/isCaltrainFucked-/caltrain/app/views/home/index.html.erb:14: syntax error, unexpected keyword_ensure, expecting end-of-input
Function body:           def _app_views_home_index_html_erb___3039313327564401157_70174338804920(local_assigns, output_buffer)
            _old_virtual_path, @virtual_path = @virtual_path, "home/index";_old_output_buffer = @output_buffer;;@output_buffer = output_buffer || ActionView::OutputBuffer.new;@output_buffer.safe_concat('<h1>
  ');@output_buffer.append= ( @is_there_a_sports_today ? "YEP" : "MAYBE" );@output_buffer.safe_concat('
');@output_buffer.safe_concat('</h1>

<p>
  ');@output_buffer.append= ( @is_there_a_sports_today ? "Lousy SF Giants ... " : "no baseball game, but you never know ... " );@output_buffer.safe_concat('
');@output_buffer.safe_concat('</p>

');@output_buffer.append= ( content_for(:footer) );@output_buffer.safe_concat('
');@output_buffer.safe_concat('<p><a href="/about">What is this about</a></p>
<p>Inspired by <a href="http://isthereasportstoday.com/">Is There a Sports Today?</a></a>
'); end 
@output_buffer.to_s
          ensure
            @virtual_path, @output_buffer = _old_virtual_path, _old_output_buffer
          end

Backtrace: /Users/tjarratt/.rvm/gems/ruby-2.0.0-rc2@caltrain/gems/actionpack-3.2.12/lib/action_view/template.rb:297:in `module_eval'
/Users/tjarratt/.rvm/gems/ruby-2.0.0-rc2@caltrain/gems/actionpack-3.2.12/lib/action_view/template.rb:297:in `compile'
/Users/tjarratt/.rvm/gems/ruby-2.0.0-rc2@caltrain/gems/actionpack-3.2.12/lib/action_view/template.rb:244:in `block in compile!'
/Users/tjarratt/.rvm/gems/ruby-2.0.0-rc2@caltrain/gems/actionpack-3.2.12/lib/action_view/template.rb:232:in `synchronize'
/Users/tjarratt/.rvm/gems/ruby-2.0.0-rc2@caltrain/gems/actionpack-3.2.12/lib/action_view/template.rb:232:in `compile!'
/Users/tjarratt/.rvm/gems/ruby-2.0.0-rc2@caltrain/gems/actionpack-3.2.12/lib/action_view/template.rb:144:in `block in render'
/Users/tjarratt/.rvm/gems/ruby-2.0.0-rc2@caltrain/gems/activesupport-3.2.12/lib/active_support/notifications.rb:125:in `instrument'
/Users/tjarratt/.rvm/gems/ruby-2.0.0-rc2@caltrain/gems/actionpack-3.2.12/lib/action_view/template.rb:143:in `render'
/Users/tjarratt/.rvm/gems/ruby-2.0.0-rc2@caltrain/gems/actionpack-3.2.12/lib/action_view/renderer/template_renderer.rb:47:in `block (2 levels) in render_template'
/Users/tjarratt/.rvm/gems/ruby-2.0.0-rc2@caltrain/gems/actionpack-3.2.12/lib/action_view/renderer/abstract_renderer.rb:38:in `block in instrument'
/Users/tjarratt/.rvm/gems/ruby-2.0.0-rc2@caltrain/gems/activesupport-3.2.12/lib/active_support/notifications.rb:123:in `block in instrument'
/Users/tjarratt/.rvm/gems/ruby-2.0.0-rc2@caltrain/gems/activesupport-3.2.12/lib/active_support/notifications/instrumenter.rb:20:in `instrument'
/Users/tjarratt/.rvm/gems/ruby-2.0.0-rc2@caltrain/gems/activesupport-3.2.12/lib/active_support/notifications.rb:123:in `instrument'
/Users/tjarratt/.rvm/gems/ruby-2.0.0-rc2@caltrain/gems/actionpack-3.2.12/lib/action_view/renderer/abstract_renderer.rb:38:in `instrument'
/Users/tjarratt/.rvm/gems/ruby-2.0.0-rc2@caltrain/gems/actionpack-3.2.12/lib/action_view/renderer/template_renderer.rb:46:in `block in render_template'
/Users/tjarratt/.rvm/gems/ruby-2.0.0-rc2@caltrain/gems/actionpack-3.2.12/lib/action_view/renderer/template_renderer.rb:54:in `render_with_layout'
/Users/tjarratt/.rvm/gems/ruby-2.0.0-rc2@caltrain/gems/actionpack-3.2.12/lib/action_view/renderer/template_renderer.rb:45:in `render_template'
/Users/tjarratt/.rvm/gems/ruby-2.0.0-rc2@caltrain/gems/actionpack-3.2.12/lib/action_view/renderer/template_renderer.rb:18:in `render'
/Users/tjarratt/.rvm/gems/ruby-2.0.0-rc2@caltrain/gems/actionpack-3.2.12/lib/action_view/renderer/renderer.rb:36:in `render_template'
/Users/tjarratt/.rvm/gems/ruby-2.0.0-rc2@caltrain/gems/actionpack-3.2.12/lib/action_view/renderer/renderer.rb:17:in `render'
/Users/tjarratt/.rvm/gems/ruby-2.0.0-rc2@caltrain/gems/actionpack-3.2.12/lib/abstract_controller/rendering.rb:110:in `_render_template'
/Users/tjarratt/.rvm/gems/ruby-2.0.0-rc2@caltrain/gems/actionpack-3.2.12/lib/action_controller/metal/streaming.rb:225:in `_render_template'
/Users/tjarratt/.rvm/gems/ruby-2.0.0-rc2@caltrain/gems/actionpack-3.2.12/lib/abstract_controller/rendering.rb:103:in `render_to_body'
/Users/tjarratt/.rvm/gems/ruby-2.0.0-rc2@caltrain/gems/actionpack-3.2.12/lib/action_controller/metal/renderers.rb:28:in `render_to_body'
/Users/tjarratt/.rvm/gems/ruby-2.0.0-rc2@caltrain/gems/actionpack-3.2.12/lib/action_controller/metal/compatibility.rb:50:in `render_to_body'
/Users/tjarratt/.rvm/gems/ruby-2.0.0-rc2@caltrain/gems/actionpack-3.2.12/lib/abstract_controller/rendering.rb:88:in `render'
/Users/tjarratt/.rvm/gems/ruby-2.0.0-rc2@caltrain/gems/actionpack-3.2.12/lib/action_controller/metal/rendering.rb:16:in `render'
/Users/tjarratt/.rvm/gems/ruby-2.0.0-rc2@caltrain/gems/actionpack-3.2.12/lib/action_controller/metal/instrumentation.rb:40:in `block (2 levels) in render'
/Users/tjarratt/.rvm/gems/ruby-2.0.0-rc2@caltrain/gems/activesupport-3.2.12/lib/active_support/core_ext/benchmark.rb:5:in `block in ms'
/Users/tjarratt/.rvm/rubies/ruby-2.0.0-rc2/lib/ruby/2.0.0/benchmark.rb:296:in `realtime'
/Users/tjarratt/.rvm/gems/ruby-2.0.0-rc2@caltrain/gems/activesupport-3.2.12/lib/active_support/core_ext/benchmark.rb:5:in `ms'
/Users/tjarratt/.rvm/gems/ruby-2.0.0-rc2@caltrain/gems/actionpack-3.2.12/lib/action_controller/metal/instrumentation.rb:40:in `block in render'
/Users/tjarratt/.rvm/gems/ruby-2.0.0-rc2@caltrain/gems/actionpack-3.2.12/lib/action_controller/metal/instrumentation.rb:83:in `cleanup_view_runtime'
/Users/tjarratt/.rvm/gems/ruby-2.0.0-rc2@caltrain/gems/activerecord-3.2.12/lib/active_record/railties/controller_runtime.rb:24:in `cleanup_view_runtime'
/Users/tjarratt/.rvm/gems/ruby-2.0.0-rc2@caltrain/gems/actionpack-3.2.12/lib/action_controller/metal/instrumentation.rb:39:in `render'
/Users/tjarratt/.rvm/gems/ruby-2.0.0-rc2@caltrain/gems/actionpack-3.2.12/lib/action_controller/metal/implicit_render.rb:10:in `default_render'
/Users/tjarratt/.rvm/gems/ruby-2.0.0-rc2@caltrain/gems/actionpack-3.2.12/lib/action_controller/metal/implicit_render.rb:5:in `send_action'
/Users/tjarratt/.rvm/gems/ruby-2.0.0-rc2@caltrain/gems/actionpack-3.2.12/lib/abstract_controller/base.rb:167:in `process_action'
/Users/tjarratt/.rvm/gems/ruby-2.0.0-rc2@caltrain/gems/actionpack-3.2.12/lib/action_controller/metal/rendering.rb:10:in `process_action'
/Users/tjarratt/.rvm/gems/ruby-2.0.0-rc2@caltrain/gems/actionpack-3.2.12/lib/abstract_controller/callbacks.rb:18:in `block in process_action'
/Users/tjarratt/.rvm/gems/ruby-2.0.0-rc2@caltrain/gems/activesupport-3.2.12/lib/active_support/callbacks.rb:414:in `_run__210857415223605837__process_action__1117651096310318460__callbacks'
/Users/tjarratt/.rvm/gems/ruby-2.0.0-rc2@caltrain/gems/activesupport-3.2.12/lib/active_support/callbacks.rb:405:in `__run_callback'
/Users/tjarratt/.rvm/gems/ruby-2.0.0-rc2@caltrain/gems/activesupport-3.2.12/lib/active_support/callbacks.rb:385:in `_run_process_action_callbacks'
/Users/tjarratt/.rvm/gems/ruby-2.0.0-rc2@caltrain/gems/activesupport-3.2.12/lib/active_support/callbacks.rb:81:in `run_callbacks'
/Users/tjarratt/.rvm/gems/ruby-2.0.0-rc2@caltrain/gems/actionpack-3.2.12/lib/abstract_controller/callbacks.rb:17:in `process_action'
/Users/tjarratt/.rvm/gems/ruby-2.0.0-rc2@caltrain/gems/actionpack-3.2.12/lib/action_controller/metal/rescue.rb:29:in `process_action'
/Users/tjarratt/.rvm/gems/ruby-2.0.0-rc2@caltrain/gems/actionpack-3.2.12/lib/action_controller/metal/instrumentation.rb:30:in `block in process_action'
/Users/tjarratt/.rvm/gems/ruby-2.0.0-rc2@caltrain/gems/activesupport-3.2.12/lib/active_support/notifications.rb:123:in `block in instrument'
/Users/tjarratt/.rvm/gems/ruby-2.0.0-rc2@caltrain/gems/activesupport-3.2.12/lib/active_support/notifications/instrumenter.rb:20:in `instrument'
/Users/tjarratt/.rvm/gems/ruby-2.0.0-rc2@caltrain/gems/activesupport-3.2.12/lib/active_support/notifications.rb:123:in `instrument'
/Users/tjarratt/.rvm/gems/ruby-2.0.0-rc2@caltrain/gems/actionpack-3.2.12/lib/action_controller/metal/instrumentation.rb:29:in `process_action'
/Users/tjarratt/.rvm/gems/ruby-2.0.0-rc2@caltrain/gems/actionpack-3.2.12/lib/action_controller/metal/params_wrapper.rb:207:in `process_action'
/Users/tjarratt/.rvm/gems/ruby-2.0.0-rc2@caltrain/gems/activerecord-3.2.12/lib/active_record/railties/controller_runtime.rb:18:in `process_action'
/Users/tjarratt/.rvm/gems/ruby-2.0.0-rc2@caltrain/gems/actionpack-3.2.12/lib/abstract_controller/base.rb:121:in `process'
/Users/tjarratt/.rvm/gems/ruby-2.0.0-rc2@caltrain/gems/actionpack-3.2.12/lib/abstract_controller/rendering.rb:45:in `process'
/Users/tjarratt/.rvm/gems/ruby-2.0.0-rc2@caltrain/gems/actionpack-3.2.12/lib/action_controller/metal.rb:203:in `dispatch'
/Users/tjarratt/.rvm/gems/ruby-2.0.0-rc2@caltrain/gems/actionpack-3.2.12/lib/action_controller/metal/rack_delegation.rb:14:in `dispatch'
/Users/tjarratt/.rvm/gems/ruby-2.0.0-rc2@caltrain/gems/actionpack-3.2.12/lib/action_controller/metal.rb:246:in `block in action'
/Users/tjarratt/.rvm/gems/ruby-2.0.0-rc2@caltrain/gems/actionpack-3.2.12/lib/action_dispatch/routing/route_set.rb:73:in `call'
/Users/tjarratt/.rvm/gems/ruby-2.0.0-rc2@caltrain/gems/actionpack-3.2.12/lib/action_dispatch/routing/route_set.rb:73:in `dispatch'
/Users/tjarratt/.rvm/gems/ruby-2.0.0-rc2@caltrain/gems/actionpack-3.2.12/lib/action_dispatch/routing/route_set.rb:36:in `call'
/Users/tjarratt/.rvm/gems/ruby-2.0.0-rc2@caltrain/gems/journey-1.0.4/lib/journey/router.rb:68:in `block in call'
/Users/tjarratt/.rvm/gems/ruby-2.0.0-rc2@caltrain/gems/journey-1.0.4/lib/journey/router.rb:56:in `each'
/Users/tjarratt/.rvm/gems/ruby-2.0.0-rc2@caltrain/gems/journey-1.0.4/lib/journey/router.rb:56:in `call'
/Users/tjarratt/.rvm/gems/ruby-2.0.0-rc2@caltrain/gems/actionpack-3.2.12/lib/action_dispatch/routing/route_set.rb:601:in `call'
/Users/tjarratt/.rvm/gems/ruby-2.0.0-rc2@caltrain/gems/actionpack-3.2.12/lib/action_dispatch/middleware/best_standards_support.rb:17:in `call'
/Users/tjarratt/.rvm/gems/ruby-2.0.0-rc2@caltrain/gems/rack-1.4.5/lib/rack/etag.rb:23:in `call'
/Users/tjarratt/.rvm/gems/ruby-2.0.0-rc2@caltrain/gems/rack-1.4.5/lib/rack/conditionalget.rb:25:in `call'
/Users/tjarratt/.rvm/gems/ruby-2.0.0-rc2@caltrain/gems/actionpack-3.2.12/lib/action_dispatch/middleware/head.rb:14:in `call'
/Users/tjarratt/.rvm/gems/ruby-2.0.0-rc2@caltrain/gems/actionpack-3.2.12/lib/action_dispatch/middleware/params_parser.rb:21:in `call'
/Users/tjarratt/.rvm/gems/ruby-2.0.0-rc2@caltrain/gems/actionpack-3.2.12/lib/action_dispatch/middleware/flash.rb:242:in `call'
/Users/tjarratt/.rvm/gems/ruby-2.0.0-rc2@caltrain/gems/rack-1.4.5/lib/rack/session/abstract/id.rb:210:in `context'
/Users/tjarratt/.rvm/gems/ruby-2.0.0-rc2@caltrain/gems/rack-1.4.5/lib/rack/session/abstract/id.rb:205:in `call'
/Users/tjarratt/.rvm/gems/ruby-2.0.0-rc2@caltrain/gems/actionpack-3.2.12/lib/action_dispatch/middleware/cookies.rb:341:in `call'
/Users/tjarratt/.rvm/gems/ruby-2.0.0-rc2@caltrain/gems/activerecord-3.2.12/lib/active_record/query_cache.rb:64:in `call'
/Users/tjarratt/.rvm/gems/ruby-2.0.0-rc2@caltrain/gems/activerecord-3.2.12/lib/active_record/connection_adapters/abstract/connection_pool.rb:479:in `call'
/Users/tjarratt/.rvm/gems/ruby-2.0.0-rc2@caltrain/gems/actionpack-3.2.12/lib/action_dispatch/middleware/callbacks.rb:28:in `block in call'
/Users/tjarratt/.rvm/gems/ruby-2.0.0-rc2@caltrain/gems/activesupport-3.2.12/lib/active_support/callbacks.rb:405:in `_run__4111379433274693898__call__32175263900795436__callbacks'
/Users/tjarratt/.rvm/gems/ruby-2.0.0-rc2@caltrain/gems/activesupport-3.2.12/lib/active_support/callbacks.rb:405:in `__run_callback'
/Users/tjarratt/.rvm/gems/ruby-2.0.0-rc2@caltrain/gems/activesupport-3.2.12/lib/active_support/callbacks.rb:385:in `_run_call_callbacks'
/Users/tjarratt/.rvm/gems/ruby-2.0.0-rc2@caltrain/gems/activesupport-3.2.12/lib/active_support/callbacks.rb:81:in `run_callbacks'
/Users/tjarratt/.rvm/gems/ruby-2.0.0-rc2@caltrain/gems/actionpack-3.2.12/lib/action_dispatch/middleware/callbacks.rb:27:in `call'
/Users/tjarratt/.rvm/gems/ruby-2.0.0-rc2@caltrain/gems/actionpack-3.2.12/lib/action_dispatch/middleware/reloader.rb:65:in `call'
/Users/tjarratt/.rvm/gems/ruby-2.0.0-rc2@caltrain/gems/actionpack-3.2.12/lib/action_dispatch/middleware/remote_ip.rb:31:in `call'
/Users/tjarratt/.rvm/gems/ruby-2.0.0-rc2@caltrain/gems/actionpack-3.2.12/lib/action_dispatch/middleware/debug_exceptions.rb:16:in `call'
/Users/tjarratt/.rvm/gems/ruby-2.0.0-rc2@caltrain/gems/actionpack-3.2.12/lib/action_dispatch/middleware/show_exceptions.rb:56:in `call'
/Users/tjarratt/.rvm/gems/ruby-2.0.0-rc2@caltrain/gems/railties-3.2.12/lib/rails/rack/logger.rb:32:in `call_app'
/Users/tjarratt/.rvm/gems/ruby-2.0.0-rc2@caltrain/gems/railties-3.2.12/lib/rails/rack/logger.rb:16:in `block in call'
/Users/tjarratt/.rvm/gems/ruby-2.0.0-rc2@caltrain/gems/activesupport-3.2.12/lib/active_support/tagged_logging.rb:22:in `tagged'
/Users/tjarratt/.rvm/gems/ruby-2.0.0-rc2@caltrain/gems/railties-3.2.12/lib/rails/rack/logger.rb:16:in `call'
/Users/tjarratt/.rvm/gems/ruby-2.0.0-rc2@caltrain/gems/actionpack-3.2.12/lib/action_dispatch/middleware/request_id.rb:22:in `call'
/Users/tjarratt/.rvm/gems/ruby-2.0.0-rc2@caltrain/gems/rack-1.4.5/lib/rack/methodoverride.rb:21:in `call'
/Users/tjarratt/.rvm/gems/ruby-2.0.0-rc2@caltrain/gems/rack-1.4.5/lib/rack/runtime.rb:17:in `call'
/Users/tjarratt/.rvm/gems/ruby-2.0.0-rc2@caltrain/gems/activesupport-3.2.12/lib/active_support/cache/strategy/local_cache.rb:72:in `call'
/Users/tjarratt/.rvm/gems/ruby-2.0.0-rc2@caltrain/gems/rack-1.4.5/lib/rack/lock.rb:15:in `call'
/Users/tjarratt/.rvm/gems/ruby-2.0.0-rc2@caltrain/gems/actionpack-3.2.12/lib/action_dispatch/middleware/static.rb:62:in `call'
/Users/tjarratt/.rvm/gems/ruby-2.0.0-rc2@caltrain/gems/railties-3.2.12/lib/rails/engine.rb:479:in `call'
/Users/tjarratt/.rvm/gems/ruby-2.0.0-rc2@caltrain/gems/railties-3.2.12/lib/rails/application.rb:223:in `call'
/Users/tjarratt/.rvm/gems/ruby-2.0.0-rc2@caltrain/gems/rack-1.4.5/lib/rack/content_length.rb:14:in `call'
/Users/tjarratt/.rvm/gems/ruby-2.0.0-rc2@caltrain/gems/railties-3.2.12/lib/rails/rack/log_tailer.rb:17:in `call'
/Users/tjarratt/.rvm/gems/ruby-2.0.0-rc2@caltrain/gems/rack-1.4.5/lib/rack/handler/webrick.rb:59:in `service'
/Users/tjarratt/.rvm/rubies/ruby-2.0.0-rc2/lib/ruby/2.0.0/webrick/httpserver.rb:138:in `service'
/Users/tjarratt/.rvm/rubies/ruby-2.0.0-rc2/lib/ruby/2.0.0/webrick/httpserver.rb:94:in `run'
/Users/tjarratt/.rvm/rubies/ruby-2.0.0-rc2/lib/ruby/2.0.0/webrick/server.rb:295:in `block in start_thread'
  Rendered home/index.html.erb within layouts/application (1.0ms)
Completed 500 Internal Server Error in 1056ms

ActionView::Template::Error (/Users/tjarratt/git/isCaltrainFucked-/caltrain/app/views/home/index.html.erb:14: syntax error, unexpected keyword_ensure, expecting end-of-input):
    11: <p>Inspired by <a href="http://isthereasportstoday.com/">Is There a Sports Today?</a></a>
    12: <% end %>
  actionpack (3.2.12) lib/action_view/template.rb:297:in `module_eval'
  actionpack (3.2.12) lib/action_view/template.rb:297:in `compile'
  actionpack (3.2.12) lib/action_view/template.rb:244:in `block in compile!'
  actionpack (3.2.12) lib/action_view/template.rb:232:in `synchronize'
  actionpack (3.2.12) lib/action_view/template.rb:232:in `compile!'
  actionpack (3.2.12) lib/action_view/template.rb:144:in `block in render'
  activesupport (3.2.12) lib/active_support/notifications.rb:125:in `instrument'
  actionpack (3.2.12) lib/action_view/template.rb:143:in `render'
  actionpack (3.2.12) lib/action_view/renderer/template_renderer.rb:47:in `block (2 levels) in render_template'
  actionpack (3.2.12) lib/action_view/renderer/abstract_renderer.rb:38:in `block in instrument'
  activesupport (3.2.12) lib/active_support/notifications.rb:123:in `block in instrument'
  activesupport (3.2.12) lib/active_support/notifications/instrumenter.rb:20:in `instrument'
  activesupport (3.2.12) lib/active_support/notifications.rb:123:in `instrument'
  actionpack (3.2.12) lib/action_view/renderer/abstract_renderer.rb:38:in `instrument'
  actionpack (3.2.12) lib/action_view/renderer/template_renderer.rb:46:in `block in render_template'
  actionpack (3.2.12) lib/action_view/renderer/template_renderer.rb:54:in `render_with_layout'
  actionpack (3.2.12) lib/action_view/renderer/template_renderer.rb:45:in `render_template'
  actionpack (3.2.12) lib/action_view/renderer/template_renderer.rb:18:in `render'
  actionpack (3.2.12) lib/action_view/renderer/renderer.rb:36:in `render_template'
  actionpack (3.2.12) lib/action_view/renderer/renderer.rb:17:in `render'
  actionpack (3.2.12) lib/abstract_controller/rendering.rb:110:in `_render_template'
  actionpack (3.2.12) lib/action_controller/metal/streaming.rb:225:in `_render_template'
  actionpack (3.2.12) lib/abstract_controller/rendering.rb:103:in `render_to_body'
  actionpack (3.2.12) lib/action_controller/metal/renderers.rb:28:in `render_to_body'
  actionpack (3.2.12) lib/action_controller/metal/compatibility.rb:50:in `render_to_body'
  actionpack (3.2.12) lib/abstract_controller/rendering.rb:88:in `render'
  actionpack (3.2.12) lib/action_controller/metal/rendering.rb:16:in `render'
  actionpack (3.2.12) lib/action_controller/metal/instrumentation.rb:40:in `block (2 levels) in render'
  activesupport (3.2.12) lib/active_support/core_ext/benchmark.rb:5:in `block in ms'
  /Users/tjarratt/.rvm/rubies/ruby-2.0.0-rc2/lib/ruby/2.0.0/benchmark.rb:296:in `realtime'
  activesupport (3.2.12) lib/active_support/core_ext/benchmark.rb:5:in `ms'
  actionpack (3.2.12) lib/action_controller/metal/instrumentation.rb:40:in `block in render'
  actionpack (3.2.12) lib/action_controller/metal/instrumentation.rb:83:in `cleanup_view_runtime'
  activerecord (3.2.12) lib/active_record/railties/controller_runtime.rb:24:in `cleanup_view_runtime'
  actionpack (3.2.12) lib/action_controller/metal/instrumentation.rb:39:in `render'
  actionpack (3.2.12) lib/action_controller/metal/implicit_render.rb:10:in `default_render'
  actionpack (3.2.12) lib/action_controller/metal/implicit_render.rb:5:in `send_action'
  actionpack (3.2.12) lib/abstract_controller/base.rb:167:in `process_action'
  actionpack (3.2.12) lib/action_controller/metal/rendering.rb:10:in `process_action'
  actionpack (3.2.12) lib/abstract_controller/callbacks.rb:18:in `block in process_action'
  activesupport (3.2.12) lib/active_support/callbacks.rb:414:in `_run__210857415223605837__process_action__1117651096310318460__callbacks'
  activesupport (3.2.12) lib/active_support/callbacks.rb:405:in `__run_callback'
  activesupport (3.2.12) lib/active_support/callbacks.rb:385:in `_run_process_action_callbacks'
  activesupport (3.2.12) lib/active_support/callbacks.rb:81:in `run_callbacks'
  actionpack (3.2.12) lib/abstract_controller/callbacks.rb:17:in `process_action'
  actionpack (3.2.12) lib/action_controller/metal/rescue.rb:29:in `process_action'
  actionpack (3.2.12) lib/action_controller/metal/instrumentation.rb:30:in `block in process_action'
  activesupport (3.2.12) lib/active_support/notifications.rb:123:in `block in instrument'
  activesupport (3.2.12) lib/active_support/notifications/instrumenter.rb:20:in `instrument'
  activesupport (3.2.12) lib/active_support/notifications.rb:123:in `instrument'
  actionpack (3.2.12) lib/action_controller/metal/instrumentation.rb:29:in `process_action'
  actionpack (3.2.12) lib/action_controller/metal/params_wrapper.rb:207:in `process_action'
  activerecord (3.2.12) lib/active_record/railties/controller_runtime.rb:18:in `process_action'
  actionpack (3.2.12) lib/abstract_controller/base.rb:121:in `process'
  actionpack (3.2.12) lib/abstract_controller/rendering.rb:45:in `process'
  actionpack (3.2.12) lib/action_controller/metal.rb:203:in `dispatch'
  actionpack (3.2.12) lib/action_controller/metal/rack_delegation.rb:14:in `dispatch'
  actionpack (3.2.12) lib/action_controller/metal.rb:246:in `block in action'
  actionpack (3.2.12) lib/action_dispatch/routing/route_set.rb:73:in `call'
  actionpack (3.2.12) lib/action_dispatch/routing/route_set.rb:73:in `dispatch'
  actionpack (3.2.12) lib/action_dispatch/routing/route_set.rb:36:in `call'
  journey (1.0.4) lib/journey/router.rb:68:in `block in call'
  journey (1.0.4) lib/journey/router.rb:56:in `each'
  journey (1.0.4) lib/journey/router.rb:56:in `call'
  actionpack (3.2.12) lib/action_dispatch/routing/route_set.rb:601:in `call'
  actionpack (3.2.12) lib/action_dispatch/middleware/best_standards_support.rb:17:in `call'
  rack (1.4.5) lib/rack/etag.rb:23:in `call'
  rack (1.4.5) lib/rack/conditionalget.rb:25:in `call'
  actionpack (3.2.12) lib/action_dispatch/middleware/head.rb:14:in `call'
  actionpack (3.2.12) lib/action_dispatch/middleware/params_parser.rb:21:in `call'
  actionpack (3.2.12) lib/action_dispatch/middleware/flash.rb:242:in `call'
  rack (1.4.5) lib/rack/session/abstract/id.rb:210:in `context'
  rack (1.4.5) lib/rack/session/abstract/id.rb:205:in `call'
  actionpack (3.2.12) lib/action_dispatch/middleware/cookies.rb:341:in `call'
  activerecord (3.2.12) lib/active_record/query_cache.rb:64:in `call'
  activerecord (3.2.12) lib/active_record/connection_adapters/abstract/connection_pool.rb:479:in `call'
  actionpack (3.2.12) lib/action_dispatch/middleware/callbacks.rb:28:in `block in call'
  activesupport (3.2.12) lib/active_support/callbacks.rb:405:in `_run__4111379433274693898__call__32175263900795436__callbacks'
  activesupport (3.2.12) lib/active_support/callbacks.rb:405:in `__run_callback'
  activesupport (3.2.12) lib/active_support/callbacks.rb:385:in `_run_call_callbacks'
  activesupport (3.2.12) lib/active_support/callbacks.rb:81:in `run_callbacks'
  actionpack (3.2.12) lib/action_dispatch/middleware/callbacks.rb:27:in `call'
  actionpack (3.2.12) lib/action_dispatch/middleware/reloader.rb:65:in `call'
  actionpack (3.2.12) lib/action_dispatch/middleware/remote_ip.rb:31:in `call'
  actionpack (3.2.12) lib/action_dispatch/middleware/debug_exceptions.rb:16:in `call'
  actionpack (3.2.12) lib/action_dispatch/middleware/show_exceptions.rb:56:in `call'
  railties (3.2.12) lib/rails/rack/logger.rb:32:in `call_app'
  railties (3.2.12) lib/rails/rack/logger.rb:16:in `block in call'
  activesupport (3.2.12) lib/active_support/tagged_logging.rb:22:in `tagged'
  railties (3.2.12) lib/rails/rack/logger.rb:16:in `call'
  actionpack (3.2.12) lib/action_dispatch/middleware/request_id.rb:22:in `call'
  rack (1.4.5) lib/rack/methodoverride.rb:21:in `call'
  rack (1.4.5) lib/rack/runtime.rb:17:in `call'
  activesupport (3.2.12) lib/active_support/cache/strategy/local_cache.rb:72:in `call'
  rack (1.4.5) lib/rack/lock.rb:15:in `call'
  actionpack (3.2.12) lib/action_dispatch/middleware/static.rb:62:in `call'
  railties (3.2.12) lib/rails/engine.rb:479:in `call'
  railties (3.2.12) lib/rails/application.rb:223:in `call'
  rack (1.4.5) lib/rack/content_length.rb:14:in `call'
  railties (3.2.12) lib/rails/rack/log_tailer.rb:17:in `call'
  rack (1.4.5) lib/rack/handler/webrick.rb:59:in `service'
  /Users/tjarratt/.rvm/rubies/ruby-2.0.0-rc2/lib/ruby/2.0.0/webrick/httpserver.rb:138:in `service'
  /Users/tjarratt/.rvm/rubies/ruby-2.0.0-rc2/lib/ruby/2.0.0/webrick/httpserver.rb:94:in `run'
  /Users/tjarratt/.rvm/rubies/ruby-2.0.0-rc2/lib/ruby/2.0.0/webrick/server.rb:295:in `block in start_thread'


  Rendered /Users/tjarratt/.rvm/gems/ruby-2.0.0-rc2@caltrain/gems/actionpack-3.2.12/lib/action_dispatch/middleware/templates/rescues/_trace.erb (1.1ms)
  Rendered /Users/tjarratt/.rvm/gems/ruby-2.0.0-rc2@caltrain/gems/actionpack-3.2.12/lib/action_dispatch/middleware/templates/rescues/_request_and_response.erb (0.8ms)
  Rendered /Users/tjarratt/.rvm/gems/ruby-2.0.0-rc2@caltrain/gems/actionpack-3.2.12/lib/action_dispatch/middleware/templates/rescues/template_error.erb within rescues/layout (7.2ms)


Started GET "/" for 127.0.0.1 at 2013-02-17 13:46:56 -0800
Processing by HomeController#index as HTML
  Rendered home/index.html.erb within layouts/application (0.9ms)
Completed 200 OK in 567ms (Views: 3.9ms | ActiveRecord: 0.0ms)


Started GET "/" for 127.0.0.1 at 2013-02-17 13:47:10 -0800
Processing by HomeController#index as HTML
  Rendered home/index.html.erb within layouts/application (1.0ms)
Completed 200 OK in 883ms (Views: 3.9ms | ActiveRecord: 0.0ms)


Started GET "/" for 127.0.0.1 at 2013-02-17 13:47:56 -0800
Processing by HomeController#index as HTML
  Rendered home/index.html.erb within layouts/application (0.2ms)
Completed 200 OK in 825ms (Views: 3.0ms | ActiveRecord: 0.0ms)


Started GET "/" for 127.0.0.1 at 2013-02-17 13:48:28 -0800
Processing by HomeController#index as HTML
  Rendered home/index.html.erb within layouts/application (0.2ms)
Completed 200 OK in 666ms (Views: 3.8ms | ActiveRecord: 0.0ms)


Started GET "/" for 127.0.0.1 at 2013-02-17 13:49:06 -0800
Processing by HomeController#index as HTML
  Rendered home/index.html.erb within layouts/application (0.7ms)
Completed 200 OK in 602ms (Views: 3.3ms | ActiveRecord: 0.0ms)


Started GET "/" for 127.0.0.1 at 2013-02-17 13:49:32 -0800
Processing by HomeController#index as HTML
  Rendered home/index.html.erb within layouts/application (0.2ms)
Completed 200 OK in 704ms (Views: 3.0ms | ActiveRecord: 0.0ms)


Started GET "/" for 127.0.0.1 at 2013-02-17 13:52:27 -0800
Processing by HomeController#index as HTML
  Rendered home/index.html.erb within layouts/application (1.1ms)
Completed 200 OK in 779ms (Views: 5.0ms | ActiveRecord: 0.0ms)


Started GET "/" for 127.0.0.1 at 2013-02-17 13:53:12 -0800
Processing by HomeController#index as HTML
  Rendered home/index.html.erb within layouts/application (0.3ms)
Completed 200 OK in 892ms (Views: 5.2ms | ActiveRecord: 0.0ms)


Started GET "/" for 127.0.0.1 at 2013-02-17 13:54:36 -0800
Processing by HomeController#index as HTML
  Rendered home/index.html.erb within layouts/application (0.3ms)
Completed 200 OK in 656ms (Views: 4.5ms | ActiveRecord: 0.0ms)


Started GET "/" for 127.0.0.1 at 2013-02-17 13:55:07 -0800
Processing by HomeController#index as HTML
  Rendered home/index.html.erb within layouts/application (0.3ms)
Completed 200 OK in 720ms (Views: 4.4ms | ActiveRecord: 0.0ms)


Started GET "/" for 127.0.0.1 at 2013-02-17 13:55:16 -0800
Processing by HomeController#index as HTML
  Rendered home/index.html.erb within layouts/application (0.2ms)
Completed 200 OK in 59ms (Views: 3.7ms | ActiveRecord: 0.0ms)


Started GET "/" for 127.0.0.1 at 2013-02-17 13:55:35 -0800
Processing by HomeController#index as HTML
  Rendered home/index.html.erb within layouts/application (0.1ms)
Completed 200 OK in 432ms (Views: 2.4ms | ActiveRecord: 0.0ms)


Started GET "/" for 127.0.0.1 at 2013-02-17 13:56:30 -0800
Processing by HomeController#index as HTML
  Rendered home/index.html.erb within layouts/application (0.2ms)
Completed 200 OK in 636ms (Views: 3.3ms | ActiveRecord: 0.0ms)


Started GET "/" for 127.0.0.1 at 2013-02-17 13:57:10 -0800
Processing by HomeController#index as HTML
  Rendered home/index.html.erb within layouts/application (0.2ms)
Completed 200 OK in 607ms (Views: 3.0ms | ActiveRecord: 0.0ms)


Started GET "/" for 127.0.0.1 at 2013-02-17 13:57:30 -0800
Processing by HomeController#index as HTML
  Rendered home/index.html.erb within layouts/application (0.2ms)
Completed 200 OK in 406ms (Views: 43.9ms | ActiveRecord: 0.0ms)


Started GET "/about" for 127.0.0.1 at 2013-02-17 13:57:33 -0800
Processing by HomeController#about as HTML
  Rendered home/about.html.erb within layouts/application (0.0ms)
Completed 200 OK in 2ms (Views: 2.0ms | ActiveRecord: 0.0ms)


Started GET "/" for 127.0.0.1 at 2013-02-17 13:58:20 -0800
Processing by HomeController#index as HTML
  Rendered home/index.html.erb within layouts/application (0.2ms)
Completed 200 OK in 392ms (Views: 3.7ms | ActiveRecord: 0.0ms)


Started GET "/" for 127.0.0.1 at 2013-02-17 13:58:25 -0800
Processing by HomeController#index as HTML
  Rendered home/index.html.erb within layouts/application (0.2ms)
Completed 200 OK in 67ms (Views: 4.0ms | ActiveRecord: 0.0ms)


Started GET "/" for 127.0.0.1 at 2013-02-17 13:58:37 -0800
Processing by HomeController#index as HTML
  Rendered home/index.html.erb within layouts/application (0.3ms)
Completed 200 OK in 39ms (Views: 4.3ms | ActiveRecord: 0.0ms)


Started GET "/" for 127.0.0.1 at 2013-02-17 13:58:38 -0800
Processing by HomeController#index as HTML
  Rendered home/index.html.erb within layouts/application (0.1ms)
Completed 200 OK in 38ms (Views: 1.6ms | ActiveRecord: 0.0ms)


Started GET "/" for 127.0.0.1 at 2013-02-17 14:03:43 -0800
Processing by HomeController#index as HTML
  Rendered home/index.html.erb within layouts/application (0.2ms)
Completed 200 OK in 1115ms (Views: 4.4ms | ActiveRecord: 0.0ms)


Started GET "/" for 127.0.0.1 at 2013-02-17 14:04:40 -0800
Processing by HomeController#index as HTML
  Rendered home/index.html.erb within layouts/application (0.2ms)
Completed 200 OK in 649ms (Views: 3.2ms | ActiveRecord: 0.0ms)


Started GET "/" for 127.0.0.1 at 2013-02-17 14:04:47 -0800
Processing by HomeController#index as HTML
  Rendered home/index.html.erb within layouts/application (0.2ms)
Completed 200 OK in 516ms (Views: 3.9ms | ActiveRecord: 0.0ms)


Started GET "/" for 127.0.0.1 at 2013-02-17 14:05:35 -0800
Processing by HomeController#index as HTML
  Rendered home/index.html.erb within layouts/application (0.9ms)
Completed 200 OK in 566ms (Views: 4.3ms | ActiveRecord: 0.0ms)


Started GET "/" for 127.0.0.1 at 2013-02-17 14:05:58 -0800
Processing by HomeController#index as HTML
  Rendered home/index.html.erb within layouts/application (0.9ms)
Completed 200 OK in 428ms (Views: 3.5ms | ActiveRecord: 0.0ms)


Started GET "/" for 127.0.0.1 at 2013-02-17 14:06:51 -0800
Processing by HomeController#index as HTML
  Rendered home/index.html.erb within layouts/application (0.2ms)
Completed 200 OK in 657ms (Views: 3.8ms | ActiveRecord: 0.0ms)


Started GET "/" for 127.0.0.1 at 2013-02-17 14:07:03 -0800
Processing by HomeController#index as HTML
  Rendered home/index.html.erb within layouts/application (0.2ms)
Completed 200 OK in 323ms (Views: 3.8ms | ActiveRecord: 0.0ms)


Started GET "/" for 127.0.0.1 at 2013-02-17 14:07:15 -0800
Processing by HomeController#index as HTML
  Rendered home/index.html.erb within layouts/application (0.2ms)
Completed 200 OK in 278ms (Views: 4.0ms | ActiveRecord: 0.0ms)


Started GET "/" for 127.0.0.1 at 2013-02-17 14:07:30 -0800
Processing by HomeController#index as HTML
  Rendered home/index.html.erb within layouts/application (0.2ms)
Completed 200 OK in 1073ms (Views: 3.9ms | ActiveRecord: 0.0ms)


Started GET "/about" for 127.0.0.1 at 2013-02-17 14:09:17 -0800
Processing by HomeController#about as HTML
  Rendered home/about.html.erb within layouts/application (0.0ms)
Completed 200 OK in 4ms (Views: 3.5ms | ActiveRecord: 0.0ms)


Started GET "/about" for 127.0.0.1 at 2013-02-17 14:09:36 -0800
Processing by HomeController#about as HTML
  Rendered home/about.html.erb within layouts/application (0.5ms)
Completed 200 OK in 3ms (Views: 2.6ms | ActiveRecord: 0.0ms)


Started GET "/about" for 127.0.0.1 at 2013-02-17 14:10:05 -0800
Processing by HomeController#about as HTML
  Rendered home/about.html.erb within layouts/application (0.5ms)
Completed 200 OK in 3ms (Views: 2.5ms | ActiveRecord: 0.0ms)


Started GET "/about" for 127.0.0.1 at 2013-02-17 14:10:23 -0800
Processing by HomeController#about as HTML
  Rendered home/about.html.erb within layouts/application (0.0ms)
Completed 200 OK in 3ms (Views: 2.9ms | ActiveRecord: 0.0ms)


Started GET "/about" for 127.0.0.1 at 2013-02-17 14:10:36 -0800
Processing by HomeController#about as HTML
  Rendered home/about.html.erb within layouts/application (0.0ms)
Completed 200 OK in 3ms (Views: 2.9ms | ActiveRecord: 0.0ms)


Started GET "/" for 127.0.0.1 at 2013-02-17 14:10:53 -0800
Processing by HomeController#index as HTML
  Rendered home/index.html.erb within layouts/application (0.2ms)
Completed 200 OK in 695ms (Views: 3.2ms | ActiveRecord: 0.0ms)


Started GET "/" for 127.0.0.1 at 2013-02-17 14:15:06 -0800
Processing by HomeController#index as HTML
  Rendered home/index.html.erb within layouts/application (0.2ms)
Completed 200 OK in 531ms (Views: 4.1ms | ActiveRecord: 0.0ms)


Started GET "/" for 127.0.0.1 at 2013-02-17 14:15:50 -0800
Processing by HomeController#index as HTML
  Rendered home/index.html.erb within layouts/application (0.1ms)
Completed 200 OK in 563ms (Views: 3.1ms | ActiveRecord: 0.0ms)


Started GET "/" for 127.0.0.1 at 2013-02-17 14:17:42 -0800
Processing by HomeController#index as HTML
  Rendered home/index.html.erb within layouts/application (0.2ms)
Completed 200 OK in 693ms (Views: 4.0ms | ActiveRecord: 0.0ms)


Started GET "/about" for 127.0.0.1 at 2013-02-17 14:17:45 -0800
Processing by HomeController#about as HTML
  Rendered home/about.html.erb within layouts/application (0.1ms)
Completed 200 OK in 3ms (Views: 2.4ms | ActiveRecord: 0.0ms)


Started GET "/" for 127.0.0.1 at 2013-02-17 14:18:10 -0800
Processing by HomeController#index as HTML
  Rendered home/index.html.erb within layouts/application (0.2ms)
Completed 200 OK in 576ms (Views: 3.6ms | ActiveRecord: 0.0ms)


Started GET "/" for 127.0.0.1 at 2013-02-17 14:19:01 -0800
Processing by HomeController#index as HTML
  Rendered home/index.html.erb within layouts/application (0.2ms)
Completed 200 OK in 704ms (Views: 39.7ms | ActiveRecord: 0.0ms)


Started GET "/" for 127.0.0.1 at 2013-02-17 14:19:52 -0800
Processing by HomeController#index as HTML
  Rendered home/index.html.erb within layouts/application (0.2ms)
Completed 200 OK in 735ms (Views: 4.3ms | ActiveRecord: 0.0ms)


Started GET "/about" for 127.0.0.1 at 2013-02-17 14:20:05 -0800
Processing by HomeController#about as HTML
  Rendered home/about.html.erb within layouts/application (0.0ms)
Completed 200 OK in 2ms (Views: 1.6ms | ActiveRecord: 0.0ms)


Started GET "/about" for 127.0.0.1 at 2013-02-17 14:20:57 -0800
Processing by HomeController#about as HTML
  Rendered home/about.html.erb within layouts/application (0.3ms)
Completed 200 OK in 2ms (Views: 2.1ms | ActiveRecord: 0.0ms)


Started GET "/about" for 127.0.0.1 at 2013-02-17 14:21:03 -0800
Processing by HomeController#about as HTML
  Rendered home/about.html.erb within layouts/application (0.0ms)
Completed 200 OK in 2ms (Views: 2.2ms | ActiveRecord: 0.0ms)


Started GET "/about" for 127.0.0.1 at 2013-02-17 14:23:17 -0800
Processing by HomeController#about as HTML
  Rendered home/about.html.erb within layouts/application (0.0ms)
Completed 200 OK in 2ms (Views: 2.0ms | ActiveRecord: 0.0ms)


Started GET "/about" for 127.0.0.1 at 2013-02-17 14:23:29 -0800
Processing by HomeController#about as HTML
  Rendered home/about.html.erb within layouts/application (0.0ms)
Completed 200 OK in 3ms (Views: 2.5ms | ActiveRecord: 0.0ms)


Started GET "/about" for 127.0.0.1 at 2013-02-17 14:23:35 -0800
Processing by HomeController#about as HTML
  Rendered home/about.html.erb within layouts/application (0.0ms)
Completed 200 OK in 2ms (Views: 1.7ms | ActiveRecord: 0.0ms)


Started GET "/about" for 127.0.0.1 at 2013-02-17 14:23:42 -0800
Processing by HomeController#about as HTML
  Rendered home/about.html.erb within layouts/application (0.0ms)
Completed 200 OK in 2ms (Views: 1.7ms | ActiveRecord: 0.0ms)


Started GET "/" for 127.0.0.1 at 2013-02-17 14:29:41 -0800
Connecting to database specified by database.yml
Processing by HomeController#index as HTML
  Rendered home/index.html.erb within layouts/application (1.9ms)
Completed 200 OK in 741ms (Views: 12.7ms | ActiveRecord: 0.0ms)


Started GET "/" for 127.0.0.1 at 2013-02-17 14:32:48 -0800
Processing by HomeController#index as HTML
  Rendered home/index.html.erb within layouts/application (0.8ms)
Completed 200 OK in 601ms (Views: 2.9ms | ActiveRecord: 0.0ms)


Started GET "/" for 127.0.0.1 at 2013-02-17 14:33:22 -0800
Processing by HomeController#index as HTML
  Rendered home/index.html.erb within layouts/application (0.8ms)
Completed 200 OK in 921ms (Views: 3.3ms | ActiveRecord: 0.0ms)
